Dec 21, 2010 11:32:52 PM org.apache.catalina.core.AprLifecycleListener init
INFO: The APR based Apache Tomcat Native library which allows optimal performance in production environments was not found on the java.library.path: C:\Program Files\Java\jdk1.6.0_18\bin;.;C:\Windows\Sun\Java\bin;C:\Windows\system32;C:\Windows;C:\Windows\SYSTEM32;C:\Windows;C:\Windows\SYSTEM32\WBEM;C:\Windows\SYSTEM32\WINDOWSPOWERSHELL\V1.0\;C:\PROGRAM FILES\MICROSOFT SQL SERVER\80\TOOLS\BINN\;C:\PROGRAM FILES\MICROSOFT SQL SERVER\90\DTS\BINN\;C:\PROGRAM FILES\MICROSOFT SQL SERVER\90\TOOLS\BINN\;C:\PROGRAM FILES\MICROSOFT SQL SERVER\90\TOOLS\BINN\VSSHELL\COMMON7\IDE\;C:\PROGRAM FILES\MICROSOFT VISUAL STUDIO 8\COMMON7\IDE\PRIVATEASSEMBLIES\;C:\PROGRAM FILES\TORTOISESVN\BIN;C:\PROGRA~1\FARSTONE\VIRTUA~1\;C:\WINDOWS;C:\WINDOWS\SYSTEM32\WBEM;C:\WINDOWS\SYSTEM32;C:\PROGRAM FILES\FARSTONE\VIRTUALDRIVE\VDP;C:\PROGRA~1\FARSTONE\VIRTUA~1\DVDCRE~1;C:\Program Files\QuickTime\QTSystem\
Dec 21, 2010 11:32:52 PM org.apache.coyote.http11.Http11Protocol init
SEVERE: Error initializing endpoint
java.net.SocketException: Unrecognized Windows Sockets error: 0: JVM_Bind
	at java.net.PlainSocketImpl.socketBind(Native Method)
	at java.net.PlainSocketImpl.bind(PlainSocketImpl.java:365)
	at java.net.ServerSocket.bind(ServerSocket.java:319)
	at java.net.ServerSocket.<init>(ServerSocket.java:185)
	at java.net.ServerSocket.<init>(ServerSocket.java:141)
	at org.apache.tomcat.util.net.DefaultServerSocketFactory.createSocket(DefaultServerSocketFactory.java:50)
	at org.apache.tomcat.util.net.JIoEndpoint.init(JIoEndpoint.java:503)
	at org.apache.coyote.http11.Http11Protocol.init(Http11Protocol.java:176)
	at org.apache.catalina.connector.Connector.initialize(Connector.java:1058)
	at org.apache.catalina.core.StandardService.initialize(StandardService.java:677)
	at org.apache.catalina.core.StandardServer.initialize(StandardServer.java:795)
	at org.apache.catalina.startup.Catalina.load(Catalina.java:535)
	at org.apache.catalina.startup.Catalina.load(Catalina.java:555)
	at sun.reflect.NativeMethodAccessorImpl.invoke0(Native Method)
	at sun.reflect.NativeMethodAccessorImpl.invoke(NativeMethodAccessorImpl.java:39)
	at sun.reflect.DelegatingMethodAccessorImpl.invoke(DelegatingMethodAccessorImpl.java:25)
	at java.lang.reflect.Method.invoke(Method.java:597)
	at org.apache.catalina.startup.Bootstrap.load(Bootstrap.java:260)
	at org.apache.catalina.startup.Bootstrap.main(Bootstrap.java:412)
Dec 21, 2010 11:32:52 PM org.apache.catalina.startup.Catalina load
SEVERE: Catalina.start
LifecycleException:  Protocol handler initialization failed: java.net.SocketException: Unrecognized Windows Sockets error: 0: JVM_Bind
	at org.apache.catalina.connector.Connector.initialize(Connector.java:1060)
	at org.apache.catalina.core.StandardService.initialize(StandardService.java:677)
	at org.apache.catalina.core.StandardServer.initialize(StandardServer.java:795)
	at org.apache.catalina.startup.Catalina.load(Catalina.java:535)
	at org.apache.catalina.startup.Catalina.load(Catalina.java:555)
	at sun.reflect.NativeMethodAccessorImpl.invoke0(Native Method)
	at sun.reflect.NativeMethodAccessorImpl.invoke(NativeMethodAccessorImpl.java:39)
	at sun.reflect.DelegatingMethodAccessorImpl.invoke(DelegatingMethodAccessorImpl.java:25)
	at java.lang.reflect.Method.invoke(Method.java:597)
	at org.apache.catalina.startup.Bootstrap.load(Bootstrap.java:260)
	at org.apache.catalina.startup.Bootstrap.main(Bootstrap.java:412)
Dec 21, 2010 11:32:52 PM org.apache.catalina.startup.Catalina load
INFO: Initialization processed in 1266 ms
Dec 21, 2010 11:32:52 PM org.apache.catalina.core.StandardService start
INFO: Starting service Catalina
Dec 21, 2010 11:32:52 PM org.apache.catalina.core.StandardEngine start
INFO: Starting Servlet Engine: Apache Tomcat/6.0.20
Dec 21, 2010 11:32:53 PM org.apache.catalina.startup.HostConfig deployWAR
INFO: Deploying web application archive HungVuongISO.war
Dec 21, 2010 11:32:53 PM org.apache.catalina.loader.WebappClassLoader validateJarFile
INFO: validateJarFile(C:\Users\Public\PHUONGTQ\apache-tomcat-6.0.20\webapps\HungVuongISO\WEB-INF\lib\servlet-api.jar) - jar not loaded. See Servlet Spec 2.3, section 9.7.2. Offending class: javax/servlet/Servlet.class
Dec 21, 2010 11:32:54 PM org.apache.catalina.session.StandardManager doLoad
SEVERE: IOException while loading persisted sessions: java.io.WriteAbortedException: writing aborted; java.io.NotSerializableException: vn.edu.hungvuongaptech.model.MonHocTKBModel
java.io.WriteAbortedException: writing aborted; java.io.NotSerializableException: vn.edu.hungvuongaptech.model.MonHocTKBModel
	at java.io.ObjectInputStream.readObject0(ObjectInputStream.java:1333)
	at java.io.ObjectInputStream.readObject(ObjectInputStream.java:351)
	at java.util.ArrayList.readObject(ArrayList.java:593)
	at sun.reflect.NativeMethodAccessorImpl.invoke0(Native Method)
	at sun.reflect.NativeMethodAccessorImpl.invoke(NativeMethodAccessorImpl.java:39)
	at sun.reflect.DelegatingMethodAccessorImpl.invoke(DelegatingMethodAccessorImpl.java:25)
	at java.lang.reflect.Method.invoke(Method.java:597)
	at java.io.ObjectStreamClass.invokeReadObject(ObjectStreamClass.java:974)
	at java.io.ObjectInputStream.readSerialData(ObjectInputStream.java:1849)
	at java.io.ObjectInputStream.readOrdinaryObject(ObjectInputStream.java:1753)
	at java.io.ObjectInputStream.readObject0(ObjectInputStream.java:1329)
	at java.io.ObjectInputStream.defaultReadFields(ObjectInputStream.java:1947)
	at java.io.ObjectInputStream.readSerialData(ObjectInputStream.java:1871)
	at java.io.ObjectInputStream.readOrdinaryObject(ObjectInputStream.java:1753)
	at java.io.ObjectInputStream.readObject0(ObjectInputStream.java:1329)
	at java.io.ObjectInputStream.readObject(ObjectInputStream.java:351)
	at org.apache.catalina.session.StandardSession.readObject(StandardSession.java:1441)
	at org.apache.catalina.session.StandardSession.readObjectData(StandardSession.java:942)
	at org.apache.catalina.session.StandardManager.doLoad(StandardManager.java:394)
	at org.apache.catalina.session.StandardManager.load(StandardManager.java:321)
	at org.apache.catalina.session.StandardManager.start(StandardManager.java:637)
	at org.apache.catalina.core.ContainerBase.setManager(ContainerBase.java:438)
	at org.apache.catalina.core.StandardContext.start(StandardContext.java:4358)
	at org.apache.catalina.core.ContainerBase.addChildInternal(ContainerBase.java:791)
	at org.apache.catalina.core.ContainerBase.addChild(ContainerBase.java:771)
	at org.apache.catalina.core.StandardHost.addChild(StandardHost.java:526)
	at org.apache.catalina.startup.HostConfig.deployWAR(HostConfig.java:850)
	at org.apache.catalina.startup.HostConfig.deployWARs(HostConfig.java:724)
	at org.apache.catalina.startup.HostConfig.deployApps(HostConfig.java:493)
	at org.apache.catalina.startup.HostConfig.start(HostConfig.java:1206)
	at org.apache.catalina.startup.HostConfig.lifecycleEvent(HostConfig.java:314)
	at org.apache.catalina.util.LifecycleSupport.fireLifecycleEvent(LifecycleSupport.java:119)
	at org.apache.catalina.core.ContainerBase.start(ContainerBase.java:1053)
	at org.apache.catalina.core.StandardHost.start(StandardHost.java:722)
	at org.apache.catalina.core.ContainerBase.start(ContainerBase.java:1045)
	at org.apache.catalina.core.StandardEngine.start(StandardEngine.java:443)
	at org.apache.catalina.core.StandardService.start(StandardService.java:516)
	at org.apache.catalina.core.StandardServer.start(StandardServer.java:710)
	at org.apache.catalina.startup.Catalina.start(Catalina.java:583)
	at sun.reflect.NativeMethodAccessorImpl.invoke0(Native Method)
	at sun.reflect.NativeMethodAccessorImpl.invoke(NativeMethodAccessorImpl.java:39)
	at sun.reflect.DelegatingMethodAccessorImpl.invoke(DelegatingMethodAccessorImpl.java:25)
	at java.lang.reflect.Method.invoke(Method.java:597)
	at org.apache.catalina.startup.Bootstrap.start(Bootstrap.java:288)
	at org.apache.catalina.startup.Bootstrap.main(Bootstrap.java:413)
Caused by: java.io.NotSerializableException: vn.edu.hungvuongaptech.model.MonHocTKBModel
	at java.io.ObjectOutputStream.writeObject0(ObjectOutputStream.java:1156)
	at java.io.ObjectOutputStream.writeObject(ObjectOutputStream.java:326)
	at java.util.ArrayList.writeObject(ArrayList.java:570)
	at sun.reflect.NativeMethodAccessorImpl.invoke0(Native Method)
	at sun.reflect.NativeMethodAccessorImpl.invoke(NativeMethodAccessorImpl.java:39)
	at sun.reflect.DelegatingMethodAccessorImpl.invoke(DelegatingMethodAccessorImpl.java:25)
	at java.lang.reflect.Method.invoke(Method.java:597)
	at java.io.ObjectStreamClass.invokeWriteObject(ObjectStreamClass.java:945)
	at java.io.ObjectOutputStream.writeSerialData(ObjectOutputStream.java:1461)
	at java.io.ObjectOutputStream.writeOrdinaryObject(ObjectOutputStream.java:1392)
	at java.io.ObjectOutputStream.writeObject0(ObjectOutputStream.java:1150)
	at java.io.ObjectOutputStream.defaultWriteFields(ObjectOutputStream.java:1509)
	at java.io.ObjectOutputStream.writeSerialData(ObjectOutputStream.java:1474)
	at java.io.ObjectOutputStream.writeOrdinaryObject(ObjectOutputStream.java:1392)
	at java.io.ObjectOutputStream.writeObject0(ObjectOutputStream.java:1150)
	at java.io.ObjectOutputStream.writeObject(ObjectOutputStream.java:326)
	at org.apache.catalina.session.StandardSession.writeObject(StandardSession.java:1517)
	at org.apache.catalina.session.StandardSession.writeObjectData(StandardSession.java:959)
	at org.apache.catalina.session.StandardManager.doUnload(StandardManager.java:517)
	at org.apache.catalina.session.StandardManager.unload(StandardManager.java:463)
	at org.apache.catalina.session.StandardManager.stop(StandardManager.java:667)
	at org.apache.catalina.core.StandardContext.stop(StandardContext.java:4573)
	at org.apache.catalina.core.ContainerBase.removeChild(ContainerBase.java:924)
	at org.apache.catalina.startup.HostConfig.undeployApps(HostConfig.java:1248)
	at org.apache.catalina.startup.HostConfig.stop(HostConfig.java:1219)
	at org.apache.catalina.startup.HostConfig.lifecycleEvent(HostConfig.java:316)
	at org.apache.catalina.util.LifecycleSupport.fireLifecycleEvent(LifecycleSupport.java:119)
	at org.apache.catalina.core.ContainerBase.stop(ContainerBase.java:1086)
	at org.apache.catalina.core.ContainerBase.stop(ContainerBase.java:1098)
	at org.apache.catalina.core.StandardEngine.stop(StandardEngine.java:448)
	at org.apache.catalina.core.StandardService.stop(StandardService.java:584)
	at org.apache.catalina.core.StandardServer.stop(StandardServer.java:744)
	at org.apache.catalina.startup.Catalina.stop(Catalina.java:633)
	at org.apache.catalina.startup.Catalina.start(Catalina.java:608)
	... 6 more
Dec 21, 2010 11:32:54 PM org.apache.catalina.session.StandardManager start
SEVERE: Exception loading sessions from persistent storage
java.io.WriteAbortedException: writing aborted; java.io.NotSerializableException: vn.edu.hungvuongaptech.model.MonHocTKBModel
	at java.io.ObjectInputStream.readObject0(ObjectInputStream.java:1333)
	at java.io.ObjectInputStream.readObject(ObjectInputStream.java:351)
	at java.util.ArrayList.readObject(ArrayList.java:593)
	at sun.reflect.NativeMethodAccessorImpl.invoke0(Native Method)
	at sun.reflect.NativeMethodAccessorImpl.invoke(NativeMethodAccessorImpl.java:39)
	at sun.reflect.DelegatingMethodAccessorImpl.invoke(DelegatingMethodAccessorImpl.java:25)
	at java.lang.reflect.Method.invoke(Method.java:597)
	at java.io.ObjectStreamClass.invokeReadObject(ObjectStreamClass.java:974)
	at java.io.ObjectInputStream.readSerialData(ObjectInputStream.java:1849)
	at java.io.ObjectInputStream.readOrdinaryObject(ObjectInputStream.java:1753)
	at java.io.ObjectInputStream.readObject0(ObjectInputStream.java:1329)
	at java.io.ObjectInputStream.defaultReadFields(ObjectInputStream.java:1947)
	at java.io.ObjectInputStream.readSerialData(ObjectInputStream.java:1871)
	at java.io.ObjectInputStream.readOrdinaryObject(ObjectInputStream.java:1753)
	at java.io.ObjectInputStream.readObject0(ObjectInputStream.java:1329)
	at java.io.ObjectInputStream.readObject(ObjectInputStream.java:351)
	at org.apache.catalina.session.StandardSession.readObject(StandardSession.java:1441)
	at org.apache.catalina.session.StandardSession.readObjectData(StandardSession.java:942)
	at org.apache.catalina.session.StandardManager.doLoad(StandardManager.java:394)
	at org.apache.catalina.session.StandardManager.load(StandardManager.java:321)
	at org.apache.catalina.session.StandardManager.start(StandardManager.java:637)
	at org.apache.catalina.core.ContainerBase.setManager(ContainerBase.java:438)
	at org.apache.catalina.core.StandardContext.start(StandardContext.java:4358)
	at org.apache.catalina.core.ContainerBase.addChildInternal(ContainerBase.java:791)
	at org.apache.catalina.core.ContainerBase.addChild(ContainerBase.java:771)
	at org.apache.catalina.core.StandardHost.addChild(StandardHost.java:526)
	at org.apache.catalina.startup.HostConfig.deployWAR(HostConfig.java:850)
	at org.apache.catalina.startup.HostConfig.deployWARs(HostConfig.java:724)
	at org.apache.catalina.startup.HostConfig.deployApps(HostConfig.java:493)
	at org.apache.catalina.startup.HostConfig.start(HostConfig.java:1206)
	at org.apache.catalina.startup.HostConfig.lifecycleEvent(HostConfig.java:314)
	at org.apache.catalina.util.LifecycleSupport.fireLifecycleEvent(LifecycleSupport.java:119)
	at org.apache.catalina.core.ContainerBase.start(ContainerBase.java:1053)
	at org.apache.catalina.core.StandardHost.start(StandardHost.java:722)
	at org.apache.catalina.core.ContainerBase.start(ContainerBase.java:1045)
	at org.apache.catalina.core.StandardEngine.start(StandardEngine.java:443)
	at org.apache.catalina.core.StandardService.start(StandardService.java:516)
	at org.apache.catalina.core.StandardServer.start(StandardServer.java:710)
	at org.apache.catalina.startup.Catalina.start(Catalina.java:583)
	at sun.reflect.NativeMethodAccessorImpl.invoke0(Native Method)
	at sun.reflect.NativeMethodAccessorImpl.invoke(NativeMethodAccessorImpl.java:39)
	at sun.reflect.DelegatingMethodAccessorImpl.invoke(DelegatingMethodAccessorImpl.java:25)
	at java.lang.reflect.Method.invoke(Method.java:597)
	at org.apache.catalina.startup.Bootstrap.start(Bootstrap.java:288)
	at org.apache.catalina.startup.Bootstrap.main(Bootstrap.java:413)
Caused by: java.io.NotSerializableException: vn.edu.hungvuongaptech.model.MonHocTKBModel
	at java.io.ObjectOutputStream.writeObject0(ObjectOutputStream.java:1156)
	at java.io.ObjectOutputStream.writeObject(ObjectOutputStream.java:326)
	at java.util.ArrayList.writeObject(ArrayList.java:570)
	at sun.reflect.NativeMethodAccessorImpl.invoke0(Native Method)
	at sun.reflect.NativeMethodAccessorImpl.invoke(NativeMethodAccessorImpl.java:39)
	at sun.reflect.DelegatingMethodAccessorImpl.invoke(DelegatingMethodAccessorImpl.java:25)
	at java.lang.reflect.Method.invoke(Method.java:597)
	at java.io.ObjectStreamClass.invokeWriteObject(ObjectStreamClass.java:945)
	at java.io.ObjectOutputStream.writeSerialData(ObjectOutputStream.java:1461)
	at java.io.ObjectOutputStream.writeOrdinaryObject(ObjectOutputStream.java:1392)
	at java.io.ObjectOutputStream.writeObject0(ObjectOutputStream.java:1150)
	at java.io.ObjectOutputStream.defaultWriteFields(ObjectOutputStream.java:1509)
	at java.io.ObjectOutputStream.writeSerialData(ObjectOutputStream.java:1474)
	at java.io.ObjectOutputStream.writeOrdinaryObject(ObjectOutputStream.java:1392)
	at java.io.ObjectOutputStream.writeObject0(ObjectOutputStream.java:1150)
	at java.io.ObjectOutputStream.writeObject(ObjectOutputStream.java:326)
	at org.apache.catalina.session.StandardSession.writeObject(StandardSession.java:1517)
	at org.apache.catalina.session.StandardSession.writeObjectData(StandardSession.java:959)
	at org.apache.catalina.session.StandardManager.doUnload(StandardManager.java:517)
	at org.apache.catalina.session.StandardManager.unload(StandardManager.java:463)
	at org.apache.catalina.session.StandardManager.stop(StandardManager.java:667)
	at org.apache.catalina.core.StandardContext.stop(StandardContext.java:4573)
	at org.apache.catalina.core.ContainerBase.removeChild(ContainerBase.java:924)
	at org.apache.catalina.startup.HostConfig.undeployApps(HostConfig.java:1248)
	at org.apache.catalina.startup.HostConfig.stop(HostConfig.java:1219)
	at org.apache.catalina.startup.HostConfig.lifecycleEvent(HostConfig.java:316)
	at org.apache.catalina.util.LifecycleSupport.fireLifecycleEvent(LifecycleSupport.java:119)
	at org.apache.catalina.core.ContainerBase.stop(ContainerBase.java:1086)
	at org.apache.catalina.core.ContainerBase.stop(ContainerBase.java:1098)
	at org.apache.catalina.core.StandardEngine.stop(StandardEngine.java:448)
	at org.apache.catalina.core.StandardService.stop(StandardService.java:584)
	at org.apache.catalina.core.StandardServer.stop(StandardServer.java:744)
	at org.apache.catalina.startup.Catalina.stop(Catalina.java:633)
	at org.apache.catalina.startup.Catalina.start(Catalina.java:608)
	... 6 more
Dec 21, 2010 11:32:54 PM org.apache.coyote.http11.Http11Protocol start
INFO: Starting Coyote HTTP/1.1 on http-8080
Dec 21, 2010 11:32:54 PM org.apache.jk.common.ChannelSocket init
INFO: JK: ajp13 listening on /0.0.0.0:8009
Dec 21, 2010 11:32:54 PM org.apache.jk.server.JkMain start
INFO: Jk running ID=0 time=0/30  config=null
Dec 21, 2010 11:32:54 PM org.apache.catalina.startup.Catalina start
INFO: Server startup in 2166 ms
Dec 21, 2010 11:33:12 PM org.apache.catalina.startup.Catalina stopServer
SEVERE: Catalina.stop: 
java.net.ConnectException: Connection refused: connect
	at java.net.PlainSocketImpl.socketConnect(Native Method)
	at java.net.PlainSocketImpl.doConnect(PlainSocketImpl.java:333)
	at java.net.PlainSocketImpl.connectToAddress(PlainSocketImpl.java:195)
	at java.net.PlainSocketImpl.connect(PlainSocketImpl.java:182)
	at java.net.SocksSocketImpl.connect(SocksSocketImpl.java:366)
	at java.net.Socket.connect(Socket.java:525)
	at java.net.Socket.connect(Socket.java:475)
	at java.net.Socket.<init>(Socket.java:372)
	at java.net.Socket.<init>(Socket.java:186)
	at org.apache.catalina.startup.Catalina.stopServer(Catalina.java:422)
	at sun.reflect.NativeMethodAccessorImpl.invoke0(Native Method)
	at sun.reflect.NativeMethodAccessorImpl.invoke(NativeMethodAccessorImpl.java:39)
	at sun.reflect.DelegatingMethodAccessorImpl.invoke(DelegatingMethodAccessorImpl.java:25)
	at java.lang.reflect.Method.invoke(Method.java:597)
	at org.apache.catalina.startup.Bootstrap.stopServer(Bootstrap.java:337)
	at org.apache.catalina.startup.Bootstrap.main(Bootstrap.java:415)
Dec 21, 2010 11:33:14 PM org.apache.catalina.core.AprLifecycleListener init
INFO: The APR based Apache Tomcat Native library which allows optimal performance in production environments was not found on the java.library.path: C:\Program Files\Java\jdk1.6.0_18\bin;.;C:\Windows\Sun\Java\bin;C:\Windows\system32;C:\Windows;C:\Windows\SYSTEM32;C:\Windows;C:\Windows\SYSTEM32\WBEM;C:\Windows\SYSTEM32\WINDOWSPOWERSHELL\V1.0\;C:\PROGRAM FILES\MICROSOFT SQL SERVER\80\TOOLS\BINN\;C:\PROGRAM FILES\MICROSOFT SQL SERVER\90\DTS\BINN\;C:\PROGRAM FILES\MICROSOFT SQL SERVER\90\TOOLS\BINN\;C:\PROGRAM FILES\MICROSOFT SQL SERVER\90\TOOLS\BINN\VSSHELL\COMMON7\IDE\;C:\PROGRAM FILES\MICROSOFT VISUAL STUDIO 8\COMMON7\IDE\PRIVATEASSEMBLIES\;C:\PROGRAM FILES\TORTOISESVN\BIN;C:\PROGRA~1\FARSTONE\VIRTUA~1\;C:\WINDOWS;C:\WINDOWS\SYSTEM32\WBEM;C:\WINDOWS\SYSTEM32;C:\PROGRAM FILES\FARSTONE\VIRTUALDRIVE\VDP;C:\PROGRA~1\FARSTONE\VIRTUA~1\DVDCRE~1;C:\Program Files\QuickTime\QTSystem\
Dec 21, 2010 11:33:14 PM org.apache.coyote.http11.Http11Protocol init
INFO: Initializing Coyote HTTP/1.1 on http-8080
Dec 21, 2010 11:33:14 PM org.apache.catalina.startup.Catalina load
INFO: Initialization processed in 304 ms
Dec 21, 2010 11:33:14 PM org.apache.catalina.core.StandardService start
INFO: Starting service Catalina
Dec 21, 2010 11:33:14 PM org.apache.catalina.core.StandardEngine start
INFO: Starting Servlet Engine: Apache Tomcat/6.0.20
Dec 21, 2010 11:33:14 PM org.apache.catalina.startup.HostConfig deployWAR
INFO: Deploying web application archive HungVuongISO.war
Dec 21, 2010 11:33:14 PM org.apache.catalina.loader.WebappClassLoader validateJarFile
INFO: validateJarFile(C:\Users\Public\PHUONGTQ\apache-tomcat-6.0.20\webapps\HungVuongISO\WEB-INF\lib\servlet-api.jar) - jar not loaded. See Servlet Spec 2.3, section 9.7.2. Offending class: javax/servlet/Servlet.class
Dec 21, 2010 11:33:15 PM org.apache.coyote.http11.Http11Protocol start
INFO: Starting Coyote HTTP/1.1 on http-8080
Dec 21, 2010 11:33:15 PM org.apache.jk.common.ChannelSocket init
INFO: JK: ajp13 listening on /0.0.0.0:8009
Dec 21, 2010 11:33:15 PM org.apache.jk.server.JkMain start
INFO: Jk running ID=0 time=0/17  config=null
Dec 21, 2010 11:33:15 PM org.apache.catalina.startup.Catalina start
INFO: Server startup in 585 ms
Dec 21, 2010 11:36:11 PM org.apache.coyote.http11.Http11Protocol pause
INFO: Pausing Coyote HTTP/1.1 on http-8080
Dec 21, 2010 11:36:12 PM org.apache.catalina.core.StandardService stop
INFO: Stopping service Catalina
Dec 21, 2010 11:36:12 PM org.apache.coyote.http11.Http11Protocol destroy
INFO: Stopping Coyote HTTP/1.1 on http-8080
