[2010-10-20 09:42:09,800] Thành viên với tên đăng nhập là : han_nkn đã đăng nhập vào hệ thống
[2010-10-20 10:18:12,806] Thành viên với tên đăng nhập là : ThienVD đã đăng nhập vào hệ thống
[2010-10-20 23:32:39,857] Thành viên với tên đăng nhập là : han_nkn đã đăng nhập vào hệ thống
[2010-10-20 23:33:00,000] han_nkn thêm mới kế hoạch đào tạo
[2010-10-20 23:35:14,181] han_nkn gửi ban giám hiệu kế hoạch đào tạo
[2010-10-20 23:36:01,903] Thành viên với tên đăng nhập là : hai_tv đã đăng nhập vào hệ thống
[2010-10-20 23:37:27,302] hai_tv approve kế hoạch đào tạo
[2010-10-20 23:37:54,241] Thành viên với tên đăng nhập là : hong_nt đã đăng nhập vào hệ thống
[2010-10-20 23:44:58,315] Thành viên với tên đăng nhập là : hai_tv đã đăng nhập vào hệ thống
[2010-10-20 23:45:27,116] Thành viên với tên đăng nhập là : cuong_nq đã đăng nhập vào hệ thống
[2010-10-20 23:51:06,352] Thành viên với tên đăng nhập là : cuong_nq đã đăng nhập vào hệ thống
[2010-10-20 23:52:55,061] cuong_nq thêm mới chương trình đào tạo
[2010-10-20 23:54:09,776] cuong_nq tạo mới đề cương môn học
[2010-10-20 23:54:15,978] cuong_nq gửi đề cương môn học cho Ban Giám Hiệu
[2010-10-20 23:55:13,965] cuong_nq tạo mới đề cương môn học
[2010-10-20 23:55:19,017] cuong_nq gửi đề cương môn học cho Ban Giám Hiệu
[2010-10-20 23:55:53,874] cuong_nq tạo mới đề cương môn học
[2010-10-20 23:55:58,277] cuong_nq gửi đề cương môn học cho Ban Giám Hiệu
[2010-10-20 23:56:40,225] cuong_nq tạo mới đề cương môn học
[2010-10-20 23:56:44,701] cuong_nq gửi đề cương môn học cho Ban Giám Hiệu
[2010-10-20 23:57:46,032] cuong_nq tạo mới đề cương môn học
[2010-10-20 23:57:56,836] cuong_nq gửi đề cương môn học cho Ban Giám Hiệu
[2010-10-20 23:59:01,974] cuong_nq tạo mới đề cương môn học
[2010-10-20 23:59:06,939] cuong_nq gửi đề cương môn học cho Ban Giám Hiệu
[2010-10-20 23:59:22,056] cuong_nq phân loại đề cương môn học
[2010-10-20 23:59:27,132] cuong_nq approve đề cương môn học
[2010-10-20 23:59:33,321] cuong_nq approve đề cương môn học
[2010-10-20 23:59:39,063] cuong_nq approve đề cương môn học
[2010-10-20 23:59:44,932] cuong_nq approve đề cương môn học
[2010-10-20 23:59:50,914] cuong_nq approve đề cương môn học
[2010-10-20 23:59:56,725] cuong_nq approve đề cương môn học
[2010-10-21 00:00:29,554] cuong_nq gửi mail cho Ban Giám Hiệu
[2010-10-21 00:00:39,864] Thành viên với tên đăng nhập là : hai_tv đã đăng nhập vào hệ thống
[2010-10-21 00:00:47,983] hai_tv approve chương trình đào tạo
[2010-10-21 00:01:10,595] Thành viên với tên đăng nhập là : cuong_nq đã đăng nhập vào hệ thống
[2010-10-21 00:22:41,117] Thành viên với tên đăng nhập là : cuong_nq đã đăng nhập vào hệ thống
[2010-10-21 00:23:12,292] cuong_nq gửi đề cương môn học cho Ban Giám Hiệu
[2010-10-21 00:23:34,576] cuong_nq phân loại đề cương môn học
[2010-10-21 00:23:46,807] cuong_nq phân loại đề cương môn học
[2010-10-21 00:29:15,196] Thành viên với tên đăng nhập là : cuong_nq đã đăng nhập vào hệ thống
[2010-10-21 00:39:30,314] Thành viên với tên đăng nhập là : cuong_nq đã đăng nhập vào hệ thống
[2010-10-21 00:55:13,507] Thành viên với tên đăng nhập là : cuong_nq đã đăng nhập vào hệ thống
[2010-10-21 01:10:33,066] Thành viên với tên đăng nhập là : cuong_nq đã đăng nhập vào hệ thống
[2010-10-21 01:30:48,049] Thành viên với tên đăng nhập là : cuong_nq đã đăng nhập vào hệ thống
[2010-10-21 01:41:50,137] Thành viên với tên đăng nhập là : cuong_nq đã đăng nhập vào hệ thống
[2010-10-21 01:43:10,360] cuong_nq thêm môn học thời khóa biểu
[2010-10-21 01:44:41,020] Thành viên với tên đăng nhập là : cuong_nq đã đăng nhập vào hệ thống
[2010-10-21 01:50:28,998] Thành viên với tên đăng nhập là : cuong_nq đã đăng nhập vào hệ thống
[2010-10-21 01:59:30,092] Thành viên với tên đăng nhập là : cuong_nq đã đăng nhập vào hệ thống
[2010-10-21 02:00:00,669] cuong_nq thêm môn học thời khóa biểu
[2010-10-21 02:05:23,926] cuong_nq thêm môn học thời khóa biểu
[2010-10-21 02:06:32,923] cuong_nq thêm môn học thời khóa biểu
[2010-10-21 09:15:11,988] Thành viên với tên đăng nhập là : cuong_nq đã đăng nhập vào hệ thống
[2010-10-21 09:25:37,200] cuong_nq thêm môn học thời khóa biểu
[2010-10-21 09:43:51,878] cuong_nq cập nhậ môn học thời khóa biểu
[2010-10-21 09:45:36,420] Thành viên với tên đăng nhập là : cuong_nq đã đăng nhập vào hệ thống
[2010-10-21 09:47:45,928] cuong_nq thêm môn học thời khóa biểu
[2010-10-21 09:48:57,548] cuong_nq tìm lịch sử dụng phòng
[2010-10-21 09:49:03,842] cuong_nq tìm lịch sử dụng phòng
[2010-10-21 09:49:08,521] cuong_nq tìm lịch sử dụng phòng
[2010-10-21 09:49:16,412] cuong_nq tìm lịch sử dụng phòng
[2010-10-21 09:49:20,161] cuong_nq tìm lịch sử dụng phòng
[2010-10-21 09:49:23,833] cuong_nq tìm lịch sử dụng phòng
[2010-10-21 09:49:31,753] cuong_nq tìm lịch sử dụng phòng
[2010-10-21 09:50:36,284] cuong_nq câp nhật thời khóa biểu
[2010-10-21 09:50:48,412] cuong_nq cập nhậ môn học thời khóa biểu
[2010-10-21 09:51:06,916] cuong_nq cập nhậ môn học thời khóa biểu
[2010-10-21 09:52:38,534] cuong_nq cập nhậ môn học thời khóa biểu
[2010-10-21 09:53:26,677] cuong_nq thêm môn học thời khóa biểu
[2010-10-21 09:54:06,097] cuong_nq cập nhậ môn học thời khóa biểu
[2010-10-21 09:54:15,685] cuong_nq câp nhật thời khóa biểu
[2010-10-21 09:54:32,272] cuong_nq cập nhậ môn học thời khóa biểu
[2010-10-21 09:57:46,628] cuong_nq tìm lịch sử dụng phòng
[2010-10-21 14:42:06,267] Thành viên với tên đăng nhập là : cuong_nq đã đăng nhập vào hệ thống
[2010-10-21 14:42:21,875] cuong_nq câp nhật thời khóa biểu
[2010-10-21 14:43:08,114] cuong_nq thêm môn học thời khóa biểu
[2010-10-21 14:43:19,700] cuong_nq câp nhật thời khóa biểu
[2010-10-21 16:39:29,257] Thành viên với tên đăng nhập là : cuong_nq đã đăng nhập vào hệ thống
[2010-10-21 16:40:28,160] Thành viên với tên đăng nhập là : cuong_nq đã đăng nhập vào hệ thống
[2010-10-21 16:44:33,096] Thành viên với tên đăng nhập là : cuong_nq đã đăng nhập vào hệ thống
[2010-10-21 16:47:05,716] Thành viên với tên đăng nhập là : cuong_nq đã đăng nhập vào hệ thống
[2010-10-21 16:59:06,509] Thành viên với tên đăng nhập là : cuong_nq đã đăng nhập vào hệ thống
[2010-10-21 17:01:02,197] Thành viên với tên đăng nhập là : cuong_nq đã đăng nhập vào hệ thống
[2010-10-21 17:02:29,955] Thành viên với tên đăng nhập là : cuong_nq đã đăng nhập vào hệ thống
[2010-10-21 17:04:28,879] cuong_nq tìm lịch sử dụng phòng
[2010-10-21 17:04:35,994] cuong_nq tìm lịch sử dụng phòng
[2010-10-21 17:06:45,711] Thành viên với tên đăng nhập là : cuong_nq đã đăng nhập vào hệ thống
[2010-10-21 17:07:13,190] cuong_nq tìm lịch sử dụng phòng
[2010-10-21 17:11:06,335] cuong_nq tìm lịch sử dụng phòng
[2010-10-21 23:03:30,986] Thành viên với tên đăng nhập là : cuong_nq đã đăng nhập vào hệ thống
[2010-10-21 23:04:38,855] cuong_nq thêm môn học thời khóa biểu
[2010-10-21 23:04:44,994] cuong_nq câp nhật thời khóa biểu
[2010-10-21 23:04:50,102] cuong_nq gửi thời khóa biểu cho ban giám hiệu
[2010-10-21 23:05:18,693] Thành viên với tên đăng nhập là : hai_tv đã đăng nhập vào hệ thống
[2010-10-21 23:05:35,563] hai_tv tìm lịch sử dụng phòng
[2010-10-21 23:06:02,977] hai_tv tìm lịch sử dụng phòng
[2010-10-21 23:07:26,567] hai_tv approve thời khóa biểu
[2010-10-21 23:07:51,252] Thành viên với tên đăng nhập là : ThienVD đã đăng nhập vào hệ thống
[2010-10-21 23:10:18,676] Thành viên với tên đăng nhập là : hai_tv đã đăng nhập vào hệ thống
[2010-10-21 23:10:33,589] hai_tv approve thời khóa biểu
[2010-10-21 23:12:17,938] hai_tv approve thời khóa biểu
[2010-10-21 23:30:57,701] Thành viên với tên đăng nhập là : ThienVD đã đăng nhập vào hệ thống
[2010-10-21 23:33:26,543] Thành viên với tên đăng nhập là : ThienVD đã đăng nhập vào hệ thống
[2010-10-22 10:54:39,992] Thành viên với tên đăng nhập là : ThienVD đã đăng nhập vào hệ thống
[2010-10-22 10:57:47,551] Thành viên với tên đăng nhập là : ThienVD đã đăng nhập vào hệ thống
[2010-10-22 11:03:11,175] Thành viên với tên đăng nhập là : ThienVD đã đăng nhập vào hệ thống
[2010-10-22 11:11:46,090] Thành viên với tên đăng nhập là : ThienVD đã đăng nhập vào hệ thống
[2010-10-22 11:14:50,028] Thành viên với tên đăng nhập là : ThienVD đã đăng nhập vào hệ thống
[2010-10-22 11:17:08,372] Thành viên với tên đăng nhập là : ThienVD đã đăng nhập vào hệ thống
[2010-10-23 16:08:31,973] Thành viên với tên đăng nhập là : hong_nt đã đăng nhập vào hệ thống
[2010-10-23 16:10:24,486] Thành viên với tên đăng nhập là : hong_nt đã đăng nhập vào hệ thống
[2010-10-23 16:11:43,594] Thành viên với tên đăng nhập là : hong_nt đã đăng nhập vào hệ thống
[2010-10-23 16:11:53,995] Thành viên với tên đăng nhập là : han_nkn đã đăng nhập vào hệ thống
[2010-10-23 16:12:08,284] han_nkn bổ sung kế hoạch đào tạo
[2010-10-23 16:13:13,380] han_nkn cập nhật kế hoạch đào tạo
[2010-10-23 16:13:45,563] Thành viên với tên đăng nhập là : hong_nt đã đăng nhập vào hệ thống
[2010-10-23 16:16:12,520] Thành viên với tên đăng nhập là : hong_nt đã đăng nhập vào hệ thống
[2010-10-23 16:16:38,024] hong_nt cập nhật công tác tuần
[2010-10-23 16:17:16,546] hong_nt cập nhật công tác tuần
[2010-10-23 16:18:15,532] hong_nt bổ sung kế hoạch đào tạo
[2010-10-23 16:18:34,360] hong_nt không bổ sung kế hoạch đào tạo
[2010-10-24 21:52:58,010] Thành viên với tên đăng nhập là : hong_nt đã đăng nhập vào hệ thống
[2010-10-24 21:57:49,789] Thành viên với tên đăng nhập là : hong_nt đã đăng nhập vào hệ thống
[2010-10-24 21:58:23,156] hong_nt cập nhật công tác tuần
[2010-10-24 22:40:28,721] Thành viên với tên đăng nhập là : hong_nt đã đăng nhập vào hệ thống
[2010-10-24 22:40:53,254] hong_nt cập nhật công tác tuần
[2010-10-25 10:51:59,571] Thành viên với tên đăng nhập là : cuong_nq đã đăng nhập vào hệ thống
[2010-10-25 12:13:39,783] Thành viên với tên đăng nhập là : cuong_nq đã đăng nhập vào hệ thống
[2010-10-25 12:14:49,381] cuong_nq thêm mới chương trình đào tạo
[2010-10-25 12:16:33,188] cuong_nq tạo mới đề cương môn học
[2010-10-25 12:16:37,637] cuong_nq gửi đề cương môn học cho Ban Giám Hiệu
[2010-10-25 12:18:11,236] cuong_nq tạo mới đề cương môn học
[2010-10-25 12:18:16,977] cuong_nq gửi đề cương môn học cho Ban Giám Hiệu
[2010-10-25 12:20:16,627] cuong_nq tạo mới đề cương môn học
[2010-10-25 12:33:53,930] cuong_nq tạo mới đề cương môn học
[2010-10-25 12:39:30,964] cuong_nq tạo mới đề cương môn học
[2010-10-25 12:40:22,445] cuong_nq gửi đề cương môn học cho Ban Giám Hiệu
[2010-10-25 12:41:19,136] cuong_nq tạo mới đề cương môn học
[2010-10-25 12:41:25,184] cuong_nq gửi đề cương môn học cho Ban Giám Hiệu
[2010-10-25 12:41:34,965] cuong_nq phân loại đề cương môn học
[2010-10-25 12:41:39,389] cuong_nq approve đề cương môn học
[2010-10-25 12:41:44,772] cuong_nq approve đề cương môn học
[2010-10-25 12:41:50,430] cuong_nq approve đề cương môn học
[2010-10-25 12:41:55,473] cuong_nq approve đề cương môn học
[2010-10-25 12:42:31,852] cuong_nq gửi mail cho Ban Giám Hiệu
[2010-10-25 12:42:47,916] Thành viên với tên đăng nhập là : hai_tv đã đăng nhập vào hệ thống
[2010-10-25 12:42:55,563] hai_tv approve chương trình đào tạo
[2010-10-25 12:43:12,908] Thành viên với tên đăng nhập là : cuong_nq đã đăng nhập vào hệ thống
[2010-10-25 13:18:53,317] Thành viên với tên đăng nhập là : cuong_nq đã đăng nhập vào hệ thống
[2010-10-25 13:19:34,027] Thành viên với tên đăng nhập là : cuong_nq đã đăng nhập vào hệ thống
[2010-10-25 13:25:24,444] Thành viên với tên đăng nhập là : cuong_nq đã đăng nhập vào hệ thống
[2010-10-25 22:08:49,692] Thành viên với tên đăng nhập là : cuong_nq đã đăng nhập vào hệ thống
[2010-10-25 22:20:20,178] Thành viên với tên đăng nhập là : cuong_nq đã đăng nhập vào hệ thống
[2010-10-25 22:25:08,556] Thành viên với tên đăng nhập là : cuong_nq đã đăng nhập vào hệ thống
[2010-10-25 22:27:10,795] cuong_nq câp nhật thời khóa biểu
[2010-10-25 22:56:00,877] Thành viên với tên đăng nhập là : cuong_nq đã đăng nhập vào hệ thống
[2010-10-25 23:58:03,904] Thành viên với tên đăng nhập là : cuong_nq đã đăng nhập vào hệ thống
[2010-10-26 00:15:22,861] cuong_nq thêm môn học thời khóa biểu
[2010-10-26 00:22:24,572] Thành viên với tên đăng nhập là : cuong_nq đã đăng nhập vào hệ thống
[2010-10-26 00:27:25,921] Thành viên với tên đăng nhập là : cuong_nq đã đăng nhập vào hệ thống
[2010-10-26 00:42:25,016] cuong_nq thêm môn học thời khóa biểu
[2010-10-26 00:43:54,416] Thành viên với tên đăng nhập là : cuong_nq đã đăng nhập vào hệ thống
[2010-10-26 00:44:42,411] cuong_nq thêm môn học thời khóa biểu
[2010-10-26 00:52:48,219] cuong_nq thêm môn học thời khóa biểu
[2010-10-26 00:53:00,409] cuong_nq câp nhật thời khóa biểu
[2010-10-26 00:53:18,518] cuong_nq cập nhậ môn học thời khóa biểu
[2010-10-26 00:57:35,517] Thành viên với tên đăng nhập là : cuong_nq đã đăng nhập vào hệ thống
[2010-10-26 00:58:36,564] Thành viên với tên đăng nhập là : cuong_nq đã đăng nhập vào hệ thống
[2010-10-26 01:00:57,117] Thành viên với tên đăng nhập là : cuong_nq đã đăng nhập vào hệ thống
[2010-10-26 01:03:27,756] Thành viên với tên đăng nhập là : cuong_nq đã đăng nhập vào hệ thống
[2010-10-26 01:04:33,904] Thành viên với tên đăng nhập là : cuong_nq đã đăng nhập vào hệ thống
[2010-10-26 01:04:51,824] cuong_nq cập nhậ môn học thời khóa biểu
[2010-10-26 01:05:20,818] cuong_nq cập nhậ môn học thời khóa biểu
[2010-10-26 01:34:43,901] Thành viên với tên đăng nhập là : cuong_nq đã đăng nhập vào hệ thống
[2010-10-26 01:36:19,699] cuong_nq thêm môn học thời khóa biểu
[2010-10-26 01:39:46,563] cuong_nq cập nhậ môn học thời khóa biểu
[2010-10-26 01:45:16,013] cuong_nq thêm môn học thời khóa biểu
[2010-10-26 01:45:39,563] cuong_nq cập nhậ môn học thời khóa biểu
[2010-10-27 09:33:38,279] Thành viên với tên đăng nhập là : ThienVD đã đăng nhập vào hệ thống
[2010-10-27 09:41:54,960] Thành viên với tên đăng nhập là : ThienVD đã đăng nhập vào hệ thống
[2010-10-27 09:43:04,209] Thành viên với tên đăng nhập là : ThienVD đã đăng nhập vào hệ thống
[2010-10-27 09:43:50,464] Thành viên với tên đăng nhập là : ThienVD đã đăng nhập vào hệ thống
[2010-10-27 09:45:04,968] Thành viên với tên đăng nhập là : uyen_bmt đã đăng nhập vào hệ thống
[2010-10-27 09:52:36,949] Thành viên với tên đăng nhập là : minh_d.hv đã đăng nhập vào hệ thống
[2010-10-27 09:54:54,305] Thành viên với tên đăng nhập là : minh_d.hv đã đăng nhập vào hệ thống
[2010-10-27 09:55:40,620] Thành viên với tên đăng nhập là : han_nkn đã đăng nhập vào hệ thống
[2010-10-27 09:57:52,695] Thành viên với tên đăng nhập là : han_nkn đã đăng nhập vào hệ thống
[2010-10-27 10:08:15,065] Thành viên với tên đăng nhập là : han_nkn đã đăng nhập vào hệ thống
[2010-10-27 10:14:41,340] Thành viên với tên đăng nhập là : han_nkn đã đăng nhập vào hệ thống
[2010-10-27 10:17:46,389] Thành viên với tên đăng nhập là : han_nkn đã đăng nhập vào hệ thống
[2010-10-27 10:18:27,573] Thành viên với tên đăng nhập là : han_nkn đã đăng nhập vào hệ thống
[2010-10-27 10:19:02,398] han_nkn cập nhật kế hoạch đào tạo
[2010-10-27 11:02:25,282] Thành viên với tên đăng nhập là : han_nkn đã đăng nhập vào hệ thống
[2010-10-27 11:02:58,106] Thành viên với tên đăng nhập là : cuong_nq đã đăng nhập vào hệ thống
[2010-10-27 11:23:33,913] Thành viên với tên đăng nhập là : cuong_nq đã đăng nhập vào hệ thống
[2010-10-27 11:24:30,848] Thành viên với tên đăng nhập là : cuong_nq đã đăng nhập vào hệ thống
[2010-10-27 11:24:49,332] cuong_nq câp nhật thời khóa biểu
[2010-10-27 11:25:03,539] cuong_nq cập nhậ môn học thời khóa biểu
[2010-10-27 11:25:57,098] Thành viên với tên đăng nhập là : cuong_nq đã đăng nhập vào hệ thống
[2010-10-27 11:26:15,839] cuong_nq câp nhật thời khóa biểu
[2010-10-27 11:27:18,365] cuong_nq cập nhậ môn học thời khóa biểu
[2010-10-27 13:26:41,353] Thành viên với tên đăng nhập là : cuong_nq đã đăng nhập vào hệ thống
[2010-10-27 13:26:58,872] cuong_nq câp nhật thời khóa biểu
[2010-10-27 13:27:13,100] cuong_nq cập nhậ môn học thời khóa biểu
[2010-10-27 13:27:21,555] cuong_nq cập nhậ môn học thời khóa biểu
[2010-10-27 13:27:29,963] cuong_nq cập nhậ môn học thời khóa biểu
[2010-10-27 13:27:37,857] cuong_nq cập nhậ môn học thời khóa biểu
[2010-10-27 13:28:13,434] Thành viên với tên đăng nhập là : cuong_nq đã đăng nhập vào hệ thống
[2010-10-27 13:28:37,395] cuong_nq câp nhật thời khóa biểu
[2010-10-27 14:43:33,061] Thành viên với tên đăng nhập là : han_nkn đã đăng nhập vào hệ thống
[2010-10-27 14:46:08,999] han_nkn cập nhật kế hoạch đào tạo
[2010-10-27 15:21:34,930] Thành viên với tên đăng nhập là : han_nkn đã đăng nhập vào hệ thống
[2010-10-27 15:21:59,723] han_nkn cập nhật kế hoạch đào tạo
[2010-10-27 15:24:33,663] Thành viên với tên đăng nhập là : han_nkn đã đăng nhập vào hệ thống
[2010-10-27 15:26:57,144] Thành viên với tên đăng nhập là : han_nkn đã đăng nhập vào hệ thống
[2010-10-27 15:27:18,499] han_nkn cập nhật kế hoạch đào tạo
[2010-10-27 15:42:03,033] Thành viên với tên đăng nhập là : han_nkn đã đăng nhập vào hệ thống
[2010-10-27 16:47:35,832] Thành viên với tên đăng nhập là : han_nkn đã đăng nhập vào hệ thống
[2010-10-27 21:01:28,111] Thành viên với tên đăng nhập là : han_nkn đã đăng nhập vào hệ thống
[2010-10-29 00:00:09,869] Thành viên với tên đăng nhập là : cuong_nq đã đăng nhập vào hệ thống
[2010-10-29 00:01:18,466] cuong_nq tìm lịch sử dụng phòng
[2010-10-29 00:01:31,854] cuong_nq tìm lịch sử dụng phòng
[2010-10-29 00:20:52,023] Thành viên với tên đăng nhập là : cuong_nq đã đăng nhập vào hệ thống
[2010-10-29 09:10:31,376] Thành viên với tên đăng nhập là : ThienVD đã đăng nhập vào hệ thống
[2010-10-29 12:02:18,375] Thành viên với tên đăng nhập là : cuong_nq đã đăng nhập vào hệ thống
[2010-10-29 12:02:39,698] cuong_nq câp nhật thời khóa biểu
[2010-10-29 12:02:45,014] cuong_nq gửi thời khóa biểu cho ban giám hiệu
[2010-10-29 12:10:08,508] Thành viên với tên đăng nhập là : cuong_nq đã đăng nhập vào hệ thống
[2010-10-29 12:12:12,077] cuong_nq câp nhật thời khóa biểu
[2010-10-29 12:12:29,488] cuong_nq cập nhậ môn học thời khóa biểu
[2010-10-29 12:13:55,031] cuong_nq câp nhật thời khóa biểu
[2010-10-29 12:15:06,433] cuong_nq câp nhật thời khóa biểu
[2010-10-29 12:15:37,158] cuong_nq cập nhậ môn học thời khóa biểu
[2010-10-29 12:16:49,848] cuong_nq câp nhật thời khóa biểu
[2010-10-29 12:16:58,938] cuong_nq cập nhậ môn học thời khóa biểu
[2010-10-29 12:18:32,041] cuong_nq cập nhậ môn học thời khóa biểu
[2010-10-29 12:20:25,277] cuong_nq cập nhậ môn học thời khóa biểu
[2010-10-29 12:22:45,935] cuong_nq cập nhậ môn học thời khóa biểu
[2010-10-29 12:22:50,158] cuong_nq câp nhật thời khóa biểu
[2010-10-29 12:34:00,405] cuong_nq thêm môn học thời khóa biểu
[2010-10-29 12:36:46,467] cuong_nq thêm môn học thời khóa biểu
[2010-10-29 12:39:57,007] cuong_nq thêm môn học thời khóa biểu
[2010-10-29 12:43:44,621] cuong_nq thêm môn học thời khóa biểu
[2010-10-29 22:05:11,095] Thành viên với tên đăng nhập là : cuong_nq đã đăng nhập vào hệ thống
[2010-10-29 22:06:26,756] cuong_nq thêm môn học thời khóa biểu
[2010-10-29 22:08:33,368] cuong_nq thêm môn học thời khóa biểu
[2010-10-29 22:10:15,951] cuong_nq thêm môn học thời khóa biểu
[2010-10-29 22:11:51,872] cuong_nq thêm môn học thời khóa biểu
[2010-10-29 22:15:30,741] cuong_nq thêm môn học thời khóa biểu
[2010-10-29 22:17:09,695] cuong_nq thêm môn học thời khóa biểu
[2010-10-29 22:18:22,822] cuong_nq thêm môn học thời khóa biểu
[2010-10-29 22:19:19,488] cuong_nq thêm môn học thời khóa biểu
[2010-10-29 22:20:37,822] cuong_nq thêm môn học thời khóa biểu
[2010-10-29 22:22:34,020] cuong_nq thêm môn học thời khóa biểu
[2010-10-29 22:24:06,853] cuong_nq thêm môn học thời khóa biểu
[2010-10-29 22:25:12,126] cuong_nq thêm môn học thời khóa biểu
[2010-10-29 22:26:24,228] Thành viên với tên đăng nhập là : cuong_nq đã đăng nhập vào hệ thống
[2010-10-29 22:26:48,855] cuong_nq thêm môn học thời khóa biểu
[2010-10-29 22:29:41,979] Thành viên với tên đăng nhập là : cuong_nq đã đăng nhập vào hệ thống
[2010-10-29 22:30:04,595] cuong_nq thêm môn học thời khóa biểu
[2010-10-29 22:40:01,474] cuong_nq thêm môn học thời khóa biểu
[2010-10-29 22:41:45,546] cuong_nq thêm môn học thời khóa biểu
[2010-10-29 22:42:53,328] cuong_nq thêm môn học thời khóa biểu
[2010-10-29 22:45:44,424] cuong_nq thêm môn học thời khóa biểu
[2010-10-29 22:47:12,769] Thành viên với tên đăng nhập là : cuong_nq đã đăng nhập vào hệ thống
[2010-10-29 22:48:18,874] cuong_nq thêm môn học thời khóa biểu
[2010-10-29 22:51:47,330] cuong_nq thêm môn học thời khóa biểu
[2010-10-29 22:54:08,763] cuong_nq thêm môn học thời khóa biểu
[2010-10-29 23:05:10,747] Thành viên với tên đăng nhập là : ThienVD đã đăng nhập vào hệ thống
[2010-10-29 23:05:47,128] ThienVD phân loại thời khóa biểu
[2010-10-29 23:07:05,746] ThienVD approve thời khóa biểu
[2010-10-29 23:14:22,719] Thành viên với tên đăng nhập là : ThienVD đã đăng nhập vào hệ thống
[2010-10-29 23:14:38,099] Thành viên với tên đăng nhập là : ThienVD đã đăng nhập vào hệ thống
[2010-10-29 23:14:53,265] ThienVD phân loại thời khóa biểu
[2010-10-29 23:16:29,731] ThienVD approve thời khóa biểu
[2010-10-29 23:18:33,264] Thành viên với tên đăng nhập là : ThienVD đã đăng nhập vào hệ thống
[2010-10-29 23:19:16,783] Thành viên với tên đăng nhập là : ThienVD đã đăng nhập vào hệ thống
[2010-10-29 23:20:27,944] ThienVD cập nhật chương trình đào tạo
[2010-10-30 15:26:24,551] Thành viên với tên đăng nhập là : cuong_nq đã đăng nhập vào hệ thống
[2010-10-30 15:28:18,443] Thành viên với tên đăng nhập là : cuong_nq đã đăng nhập vào hệ thống
[2010-10-30 15:32:03,090] Thành viên với tên đăng nhập là : cuong_nq đã đăng nhập vào hệ thống
[2010-10-30 15:34:07,023] Thành viên với tên đăng nhập là : cuong_nq đã đăng nhập vào hệ thống
[2010-10-30 15:34:42,199] cuong_nq tìm lịch sử dụng phòng
[2010-10-30 15:36:18,884] Thành viên với tên đăng nhập là : cuong_nq đã đăng nhập vào hệ thống
[2010-10-30 15:36:30,320] cuong_nq tìm lịch sử dụng phòng
[2010-10-30 15:36:37,560] cuong_nq tìm lịch sử dụng phòng
[2010-10-30 15:44:50,259] Thành viên với tên đăng nhập là : cuong_nq đã đăng nhập vào hệ thống
[2010-10-30 15:45:06,440] cuong_nq tìm lịch sử dụng phòng
[2010-10-30 15:47:14,904] Thành viên với tên đăng nhập là : cuong_nq đã đăng nhập vào hệ thống
[2010-10-30 15:47:28,921] cuong_nq tìm lịch sử dụng phòng
[2010-10-30 15:50:40,297] Thành viên với tên đăng nhập là : cuong_nq đã đăng nhập vào hệ thống
[2010-10-30 15:50:55,579] cuong_nq tìm lịch sử dụng phòng
[2010-10-30 15:51:05,728] cuong_nq tìm lịch sử dụng phòng
[2010-10-30 15:53:12,326] cuong_nq tìm lịch sử dụng phòng
[2010-10-30 15:53:57,991] Thành viên với tên đăng nhập là : cuong_nq đã đăng nhập vào hệ thống
[2010-10-30 15:54:12,924] cuong_nq tìm lịch sử dụng phòng
[2010-10-30 15:54:19,234] cuong_nq tìm lịch sử dụng phòng
[2010-10-30 15:54:22,522] cuong_nq tìm lịch sử dụng phòng
[2010-10-30 15:54:26,424] cuong_nq tìm lịch sử dụng phòng
[2010-10-30 15:54:31,681] cuong_nq tìm lịch sử dụng phòng
[2010-10-30 15:55:02,649] cuong_nq tìm lịch sử dụng phòng
[2010-10-30 15:55:17,695] cuong_nq tìm lịch sử dụng phòng
[2010-10-30 15:57:13,733] cuong_nq tìm lịch sử dụng phòng
[2010-10-30 15:57:18,587] cuong_nq tìm lịch sử dụng phòng
[2010-10-30 15:57:23,635] cuong_nq tìm lịch sử dụng phòng
[2010-10-30 15:57:33,818] cuong_nq tìm lịch sử dụng phòng
[2010-10-30 15:57:38,810] cuong_nq tìm lịch sử dụng phòng
[2010-10-30 15:58:27,979] cuong_nq tìm lịch sử dụng phòng
[2010-10-30 15:58:34,232] cuong_nq tìm lịch sử dụng phòng
[2010-10-30 21:33:22,377] Thành viên với tên đăng nhập là : cuong_nq đã đăng nhập vào hệ thống
[2010-10-30 21:33:46,873] Thành viên với tên đăng nhập là : ThienVD đã đăng nhập vào hệ thống
[2010-10-30 21:34:43,734] Thành viên với tên đăng nhập là : cuong_nq đã đăng nhập vào hệ thống
[2010-10-30 21:35:26,128] cuong_nq cập nhật chương trình đào tạo
[2010-10-30 21:36:07,201] cuong_nq cập nhật chương trình đào tạo
[2010-10-31 22:57:34,421] Thành viên với tên đăng nhập là : cuong_nq đã đăng nhập vào hệ thống
[2010-10-31 22:58:03,092] Thành viên với tên đăng nhập là : cuong_nq đã đăng nhập vào hệ thống
[2010-10-31 23:13:13,543] cuong_nq thêm môn học thời khóa biểu
[2010-10-31 23:59:58,597] Thành viên với tên đăng nhập là : cuong_nq đã đăng nhập vào hệ thống
[2010-11-01 00:00:10,765] cuong_nq câp nhật thời khóa biểu
[2010-11-01 00:01:21,210] cuong_nq thêm môn học thời khóa biểu
[2010-11-01 00:05:59,171] cuong_nq thêm môn học thời khóa biểu
[2010-11-01 00:11:52,716] cuong_nq thêm môn học thời khóa biểu
[2010-11-01 00:15:02,948] cuong_nq thêm môn học thời khóa biểu
[2010-11-01 00:15:56,363] cuong_nq thêm môn học thời khóa biểu
[2010-11-01 00:32:52,322] cuong_nq thêm môn học thời khóa biểu
[2010-11-01 00:36:57,214] cuong_nq thêm môn học thời khóa biểu
[2010-11-01 00:39:21,779] cuong_nq thêm môn học thời khóa biểu
[2010-11-01 00:41:55,394] Thành viên với tên đăng nhập là : cuong_nq đã đăng nhập vào hệ thống
[2010-11-01 00:42:57,264] cuong_nq thêm môn học thời khóa biểu
[2010-11-01 00:45:27,500] cuong_nq thêm môn học thời khóa biểu
[2010-11-01 13:14:39,875] Thành viên với tên đăng nhập là : cuong_nq đã đăng nhập vào hệ thống
[2010-11-01 13:15:32,002] cuong_nq thêm môn học thời khóa biểu
[2010-11-01 13:18:36,448] Thành viên với tên đăng nhập là : cuong_nq đã đăng nhập vào hệ thống
[2010-11-01 13:20:13,325] cuong_nq thêm môn học thời khóa biểu
[2010-11-01 13:29:18,243] cuong_nq thêm môn học thời khóa biểu
[2010-11-01 13:30:36,437] cuong_nq thêm môn học thời khóa biểu
[2010-11-01 13:36:03,865] cuong_nq thêm môn học thời khóa biểu
[2010-11-01 13:48:42,896] cuong_nq thêm môn học thời khóa biểu
[2010-11-01 13:57:15,349] cuong_nq thêm môn học thời khóa biểu
[2010-11-01 14:00:28,583] cuong_nq cập nhậ môn học thời khóa biểu
[2010-11-01 14:02:04,592] cuong_nq cập nhậ môn học thời khóa biểu
[2010-11-01 14:02:12,845] cuong_nq cập nhậ môn học thời khóa biểu
[2010-11-01 14:02:20,744] cuong_nq cập nhậ môn học thời khóa biểu
[2010-11-01 14:06:20,509] cuong_nq thêm môn học thời khóa biểu
[2010-11-01 14:06:29,987] cuong_nq cập nhậ môn học thời khóa biểu
[2010-11-01 14:06:37,165] cuong_nq cập nhậ môn học thời khóa biểu
[2010-11-01 14:06:54,747] cuong_nq cập nhậ môn học thời khóa biểu
[2010-11-01 14:07:16,550] cuong_nq cập nhậ môn học thời khóa biểu
[2010-11-01 14:24:52,626] cuong_nq thêm môn học thời khóa biểu
[2010-11-01 14:25:01,931] cuong_nq cập nhậ môn học thời khóa biểu
[2010-11-01 14:25:18,971] cuong_nq cập nhậ môn học thời khóa biểu
[2010-11-01 15:32:56,353] Thành viên với tên đăng nhập là : cuong_nq đã đăng nhập vào hệ thống
[2010-11-01 15:33:56,189] Thành viên với tên đăng nhập là : cuong_nq đã đăng nhập vào hệ thống
[2010-11-01 16:17:44,871] Thành viên với tên đăng nhập là : cuong_nq đã đăng nhập vào hệ thống
[2010-11-01 16:22:45,425] Thành viên với tên đăng nhập là : cuong_nq đã đăng nhập vào hệ thống
[2010-11-01 22:53:16,425] Thành viên với tên đăng nhập là : cuong_nq đã đăng nhập vào hệ thống
[2010-11-01 23:08:08,489] Thành viên với tên đăng nhập là : cuong_nq đã đăng nhập vào hệ thống
[2010-11-01 23:15:49,684] Thành viên với tên đăng nhập là : cuong_nq đã đăng nhập vào hệ thống
[2010-11-01 23:16:13,112] Thành viên với tên đăng nhập là : cuong_nq đã đăng nhập vào hệ thống
[2010-11-01 23:46:08,541] cuong_nq câp nhật thời khóa biểu
[2010-11-02 00:21:37,735] Thành viên với tên đăng nhập là : cuong_nq đã đăng nhập vào hệ thống
[2010-11-02 09:11:56,563] Thành viên với tên đăng nhập là : cuong_nq đã đăng nhập vào hệ thống
[2010-11-02 09:25:51,237] Thành viên với tên đăng nhập là : cuong_nq đã đăng nhập vào hệ thống
[2010-11-02 09:59:09,425] Thành viên với tên đăng nhập là : cuong_nq đã đăng nhập vào hệ thống
[2010-11-02 10:22:06,906] Thành viên với tên đăng nhập là : cuong_nq đã đăng nhập vào hệ thống
[2010-11-02 13:11:03,612] Thành viên với tên đăng nhập là : cuong_nq đã đăng nhập vào hệ thống
[2010-11-02 13:11:24,281] Thành viên với tên đăng nhập là : cuong_nq đã đăng nhập vào hệ thống
[2010-11-02 13:11:46,328] Thành viên với tên đăng nhập là : ThienVD đã đăng nhập vào hệ thống
[2010-11-02 13:14:08,445] ThienVD cập nhật chương trình đào tạo
[2010-11-03 11:06:53,900] Thành viên với tên đăng nhập là : cuong_nq đã đăng nhập vào hệ thống
[2010-11-03 11:07:11,027] cuong_nq cập nhậ môn học thời khóa biểu
[2010-11-03 11:07:35,892] cuong_nq cập nhậ môn học thời khóa biểu
[2010-11-03 11:10:29,111] Thành viên với tên đăng nhập là : cuong_nq đã đăng nhập vào hệ thống
[2010-11-03 11:10:44,633] cuong_nq cập nhậ môn học thời khóa biểu
[2010-11-03 11:11:12,820] cuong_nq cập nhậ môn học thời khóa biểu
[2010-11-03 11:13:18,422] Thành viên với tên đăng nhập là : hong_nt đã đăng nhập vào hệ thống
[2010-11-03 11:13:54,295] hong_nt cập nhật công tác tuần
[2010-11-03 11:37:04,112] Thành viên với tên đăng nhập là : cuong_nq đã đăng nhập vào hệ thống
[2010-11-03 11:37:44,985] cuong_nq cập nhậ môn học thời khóa biểu
[2010-11-03 11:39:22,080] cuong_nq thêm môn học thời khóa biểu
[2010-11-03 11:39:59,176] cuong_nq thêm môn học thời khóa biểu
[2010-11-03 11:40:56,910] cuong_nq thêm môn học thời khóa biểu
[2010-11-03 11:41:22,966] cuong_nq cập nhậ môn học thời khóa biểu
[2010-11-03 11:46:15,643] cuong_nq câp nhật thời khóa biểu
[2010-11-03 12:16:25,989] cuong_nq thêm môn học thời khóa biểu
[2010-11-03 12:16:53,274] cuong_nq câp nhật thời khóa biểu
[2010-11-03 12:18:31,628] Thành viên với tên đăng nhập là : cuong_nq đã đăng nhập vào hệ thống
[2010-11-03 12:18:49,177] cuong_nq câp nhật thời khóa biểu
[2010-11-03 15:05:39,770] Thành viên với tên đăng nhập là : cuong_nq đã đăng nhập vào hệ thống
[2010-11-03 15:06:21,420] cuong_nq cập nhật chương trình đào tạo
[2010-11-03 15:08:24,571] cuong_nq cập nhật chương trình đào tạo
[2010-11-03 15:09:48,023] cuong_nq cập nhật chương trình đào tạo
[2010-11-03 17:06:26,183] Thành viên với tên đăng nhập là : cuong_nq đã đăng nhập vào hệ thống
[2010-11-03 17:08:56,888] Thành viên với tên đăng nhập là : cuong_nq đã đăng nhập vào hệ thống
[2010-11-03 17:13:41,991] Thành viên với tên đăng nhập là : cuong_nq đã đăng nhập vào hệ thống
[2010-11-03 17:23:28,343] Thành viên với tên đăng nhập là : cuong_nq đã đăng nhập vào hệ thống
[2010-11-03 17:25:03,775] Thành viên với tên đăng nhập là : cuong_nq đã đăng nhập vào hệ thống
[2010-11-03 17:26:03,243] Thành viên với tên đăng nhập là : cuong_nq đã đăng nhập vào hệ thống
[2010-11-03 17:27:33,402] Thành viên với tên đăng nhập là : cuong_nq đã đăng nhập vào hệ thống
[2010-11-03 17:27:53,687] cuong_nq cập nhật chương trình đào tạo
[2010-11-03 17:29:10,954] cuong_nq cập nhật chương trình đào tạo
[2010-11-03 17:31:30,392] Thành viên với tên đăng nhập là : cuong_nq đã đăng nhập vào hệ thống
[2010-11-03 17:32:00,797] cuong_nq cập nhật chương trình đào tạo
[2010-11-03 17:33:35,123] Thành viên với tên đăng nhập là : cuong_nq đã đăng nhập vào hệ thống
[2010-11-03 17:33:53,387] cuong_nq cập nhật chương trình đào tạo
[2010-11-04 00:42:03,079] Thành viên với tên đăng nhập là : cuong_nq đã đăng nhập vào hệ thống
[2010-11-04 00:44:40,824] Thành viên với tên đăng nhập là : cuong_nq đã đăng nhập vào hệ thống
[2010-11-04 00:48:08,597] Thành viên với tên đăng nhập là : cuong_nq đã đăng nhập vào hệ thống
[2010-11-04 00:50:20,988] Thành viên với tên đăng nhập là : cuong_nq đã đăng nhập vào hệ thống
[2010-11-04 00:50:55,141] Thành viên với tên đăng nhập là : cuong_nq đã đăng nhập vào hệ thống
[2010-11-04 00:57:10,299] Thành viên với tên đăng nhập là : cuong_nq đã đăng nhập vào hệ thống
[2010-11-04 00:58:54,580] Thành viên với tên đăng nhập là : cuong_nq đã đăng nhập vào hệ thống
[2010-11-04 01:03:03,186] Thành viên với tên đăng nhập là : cuong_nq đã đăng nhập vào hệ thống
[2010-11-04 01:04:18,858] Thành viên với tên đăng nhập là : cuong_nq đã đăng nhập vào hệ thống
[2010-11-04 01:05:05,226] Thành viên với tên đăng nhập là : cuong_nq đã đăng nhập vào hệ thống
[2010-11-04 01:08:07,392] Thành viên với tên đăng nhập là : cuong_nq đã đăng nhập vào hệ thống
[2010-11-04 01:11:08,967] Thành viên với tên đăng nhập là : cuong_nq đã đăng nhập vào hệ thống
[2010-11-04 01:12:10,307] Thành viên với tên đăng nhập là : cuong_nq đã đăng nhập vào hệ thống
[2010-11-04 01:15:26,080] Thành viên với tên đăng nhập là : cuong_nq đã đăng nhập vào hệ thống
[2010-11-04 01:17:20,773] Thành viên với tên đăng nhập là : cuong_nq đã đăng nhập vào hệ thống
[2010-11-04 01:19:20,442] Thành viên với tên đăng nhập là : cuong_nq đã đăng nhập vào hệ thống
[2010-11-04 01:20:59,288] Thành viên với tên đăng nhập là : cuong_nq đã đăng nhập vào hệ thống
[2010-11-04 01:21:45,690] Thành viên với tên đăng nhập là : cuong_nq đã đăng nhập vào hệ thống
[2010-11-04 01:24:57,775] Thành viên với tên đăng nhập là : cuong_nq đã đăng nhập vào hệ thống
[2010-11-04 01:33:53,153] Thành viên với tên đăng nhập là : cuong_nq đã đăng nhập vào hệ thống
[2010-11-04 01:34:15,993] cuong_nq cập nhật chương trình đào tạo
[2010-11-04 01:34:46,830] cuong_nq cập nhật chương trình đào tạo
[2010-11-04 01:36:45,740] Thành viên với tên đăng nhập là : cuong_nq đã đăng nhập vào hệ thống
[2010-11-04 01:39:44,565] Thành viên với tên đăng nhập là : cuong_nq đã đăng nhập vào hệ thống
[2010-11-04 01:43:28,184] Thành viên với tên đăng nhập là : cuong_nq đã đăng nhập vào hệ thống
[2010-11-04 01:45:49,889] cuong_nq cập nhật chương trình đào tạo
[2010-11-04 08:49:02,499] Thành viên với tên đăng nhập là : cuong_nq đã đăng nhập vào hệ thống
[2010-11-04 08:49:45,159] Thành viên với tên đăng nhập là : cuong_nq đã đăng nhập vào hệ thống
[2010-11-04 08:50:03,321] Thành viên với tên đăng nhập là : ThienVD đã đăng nhập vào hệ thống
[2010-11-04 08:51:58,697] Thành viên với tên đăng nhập là : ThienVD đã đăng nhập vào hệ thống
[2010-11-04 08:53:02,887] Thành viên với tên đăng nhập là : ThienVD đã đăng nhập vào hệ thống
[2010-11-04 09:02:40,515] Thành viên với tên đăng nhập là : ThienVD đã đăng nhập vào hệ thống
[2010-11-04 09:04:07,852] Thành viên với tên đăng nhập là : ThienVD đã đăng nhập vào hệ thống
[2010-11-04 09:06:54,824] Thành viên với tên đăng nhập là : ThienVD đã đăng nhập vào hệ thống
[2010-11-04 09:07:18,978] Thành viên với tên đăng nhập là : cuong_nq đã đăng nhập vào hệ thống
[2010-11-04 09:08:17,344] ThienVD cập nhật chương trình đào tạo
[2010-11-04 09:17:58,312] Thành viên với tên đăng nhập là : cuong_nq đã đăng nhập vào hệ thống
[2010-11-04 09:19:01,751] Thành viên với tên đăng nhập là : ThienVD đã đăng nhập vào hệ thống
[2010-11-04 09:22:55,490] Thành viên với tên đăng nhập là : cuong_nq đã đăng nhập vào hệ thống
[2010-11-04 09:24:46,717] Thành viên với tên đăng nhập là : cuong_nq đã đăng nhập vào hệ thống
[2010-11-04 09:25:46,256] Thành viên với tên đăng nhập là : ThienVD đã đăng nhập vào hệ thống
[2010-11-04 09:27:27,821] Thành viên với tên đăng nhập là : ThienVD đã đăng nhập vào hệ thống
[2010-11-04 21:45:58,830] Thành viên với tên đăng nhập là : hong_nt đã đăng nhập vào hệ thống
[2010-11-04 21:54:34,395] hong_nt cập nhật công tác tuần
[2010-11-04 22:23:53,143] hong_nt cập nhật công tác tuần
[2010-11-05 16:02:44,840] Thành viên với tên đăng nhập là : cuong_nq đã đăng nhập vào hệ thống
[2010-11-07 15:17:09,138] Thành viên với tên đăng nhập là : ThienVD đã đăng nhập vào hệ thống
[2010-11-07 15:17:17,836] Thành viên với tên đăng nhập là : ThienVD đã đăng nhập vào hệ thống
[2010-11-07 15:51:30,492] Thành viên với tên đăng nhập là : ThienVD đã đăng nhập vào hệ thống
[2010-11-07 15:51:45,607] Thành viên với tên đăng nhập là : ThienVD đã đăng nhập vào hệ thống
[2010-11-07 15:53:19,434] Thành viên với tên đăng nhập là : ThienVD đã đăng nhập vào hệ thống
[2010-11-07 15:54:41,806] Thành viên với tên đăng nhập là : ThienVD đã đăng nhập vào hệ thống
[2010-11-07 15:59:17,281] Thành viên với tên đăng nhập là : ThienVD đã đăng nhập vào hệ thống
[2010-11-07 16:06:46,602] Thành viên với tên đăng nhập là : ThienVD đã đăng nhập vào hệ thống
[2010-11-07 16:10:53,184] Thành viên với tên đăng nhập là : ThienVD đã đăng nhập vào hệ thống
[2010-11-07 16:18:30,523] Thành viên với tên đăng nhập là : ThienVD đã đăng nhập vào hệ thống
[2010-11-07 16:25:16,395] Thành viên với tên đăng nhập là : ThienVD đã đăng nhập vào hệ thống
[2010-11-07 16:30:50,887] Thành viên với tên đăng nhập là : ThienVD đã đăng nhập vào hệ thống
[2010-11-07 16:32:19,263] ThienVD cập nhật công tác tuần
[2010-11-07 16:34:19,277] Thành viên với tên đăng nhập là : ThienVD đã đăng nhập vào hệ thống
[2010-11-07 16:50:45,629] Thành viên với tên đăng nhập là : ThienVD đã đăng nhập vào hệ thống
[2010-11-07 16:53:34,207] Thành viên với tên đăng nhập là : ThienVD đã đăng nhập vào hệ thống
[2010-11-07 16:54:44,478] Thành viên với tên đăng nhập là : ThienVD đã đăng nhập vào hệ thống
[2010-11-07 16:57:39,171] Thành viên với tên đăng nhập là : ThienVD đã đăng nhập vào hệ thống
[2010-11-07 16:57:47,046] ThienVD cập nhật công tác tuần
[2010-11-07 16:58:06,791] Thành viên với tên đăng nhập là : ThienVD đã đăng nhập vào hệ thống
[2010-11-07 16:59:09,014] Thành viên với tên đăng nhập là : ThienVD đã đăng nhập vào hệ thống
[2010-11-07 17:02:35,686] Thành viên với tên đăng nhập là : ThienVD đã đăng nhập vào hệ thống
[2010-11-07 17:04:28,844] Thành viên với tên đăng nhập là : ThienVD đã đăng nhập vào hệ thống
[2010-11-07 17:06:00,253] Thành viên với tên đăng nhập là : ThienVD đã đăng nhập vào hệ thống
[2010-11-07 17:06:08,365] ThienVD cập nhật công tác tuần
[2010-11-07 17:10:32,332] Thành viên với tên đăng nhập là : ThienVD đã đăng nhập vào hệ thống
[2010-11-07 17:13:09,023] Thành viên với tên đăng nhập là : ThienVD đã đăng nhập vào hệ thống
[2010-11-07 17:13:58,995] Thành viên với tên đăng nhập là : ThienVD đã đăng nhập vào hệ thống
[2010-11-07 17:15:54,235] Thành viên với tên đăng nhập là : ThienVD đã đăng nhập vào hệ thống
[2010-11-07 17:19:37,400] Thành viên với tên đăng nhập là : ThienVD đã đăng nhập vào hệ thống
[2010-11-07 17:19:46,312] ThienVD cập nhật công tác tuần
[2010-11-07 17:20:02,562] ThienVD cập nhật công tác tuần
[2010-11-07 20:58:35,061] Thành viên với tên đăng nhập là : cuong_nq đã đăng nhập vào hệ thống
[2010-11-07 21:01:14,467] Thành viên với tên đăng nhập là : cuong_nq đã đăng nhập vào hệ thống
[2010-11-07 21:02:07,257] Thành viên với tên đăng nhập là : cuong_nq đã đăng nhập vào hệ thống
[2010-11-07 21:05:30,209] cuong_nq cập nhật đề cương môn học
[2010-11-07 21:13:14,874] Thành viên với tên đăng nhập là : cuong_nq đã đăng nhập vào hệ thống
[2010-11-07 21:19:56,525] Thành viên với tên đăng nhập là : cuong_nq đã đăng nhập vào hệ thống
[2010-11-07 21:21:42,794] Thành viên với tên đăng nhập là : cuong_nq đã đăng nhập vào hệ thống
[2010-11-07 21:22:26,711] Thành viên với tên đăng nhập là : cuong_nq đã đăng nhập vào hệ thống
[2010-11-07 21:22:47,498] cuong_nq cập nhật đề cương môn học
[2010-11-07 21:37:29,543] cuong_nq thêm mới chương trình đào tạo
[2010-11-07 21:39:19,762] Thành viên với tên đăng nhập là : hong_nt đã đăng nhập vào hệ thống
[2010-11-07 22:38:08,146] Thành viên với tên đăng nhập là : hong_nt đã đăng nhập vào hệ thống
[2010-11-07 22:38:55,052] Thành viên với tên đăng nhập là : hong_nt đã đăng nhập vào hệ thống
[2010-11-07 22:42:44,259] hong_nt cập nhật công tác tuần
[2010-11-07 22:45:22,774] Thành viên với tên đăng nhập là : hong_nt đã đăng nhập vào hệ thống
[2010-11-08 22:50:58,807] Thành viên với tên đăng nhập là : hong_nt đã đăng nhập vào hệ thống
[2010-11-08 23:22:22,749] Thành viên với tên đăng nhập là : hong_nt đã đăng nhập vào hệ thống
[2010-11-08 23:23:04,561] hong_nt cập nhật công tác tuần
[2010-11-08 23:33:40,114] Thành viên với tên đăng nhập là : han_nkn đã đăng nhập vào hệ thống
[2010-11-08 23:34:09,522] han_nkn thêm mới kế hoạch đào tạo
[2010-11-08 23:34:43,939] han_nkn thêm mới kế hoạch đào tạo
[2010-11-08 23:38:25,330] Thành viên với tên đăng nhập là : hong_nt đã đăng nhập vào hệ thống
[2010-11-08 23:44:13,859] Thành viên với tên đăng nhập là : hong_nt đã đăng nhập vào hệ thống
[2010-11-15 23:50:13,894] Thành viên với tên đăng nhập là : hong_nt đã đăng nhập vào hệ thống
[2010-11-15 23:53:48,151] hong_nt cập nhật công tác tuần
[2010-11-15 23:54:18,776] hong_nt cập nhật công tác tuần
[2010-11-16 00:03:11,290] Thành viên với tên đăng nhập là : hong_nt đã đăng nhập vào hệ thống
[2010-11-16 00:03:22,085] hong_nt cập nhật công tác tuần
[2010-11-16 00:04:51,147] Thành viên với tên đăng nhập là : hong_nt đã đăng nhập vào hệ thống
[2010-11-23 00:14:54,600] Thành viên với tên đăng nhập là : hong_nt đã đăng nhập vào hệ thống
[2010-11-23 00:20:05,957] Thành viên với tên đăng nhập là : hong_nt đã đăng nhập vào hệ thống
[2010-11-23 00:20:39,029] hong_nt cập nhật công tác tuần
[2010-11-23 00:21:35,119] hong_nt cập nhật công tác tuần
[2010-11-23 01:06:56,277] Thành viên với tên đăng nhập là : hong_nt đã đăng nhập vào hệ thống
[2010-11-23 01:07:31,747] hong_nt cập nhật công tác tuần
[2010-11-23 01:13:18,585] Thành viên với tên đăng nhập là : hong_nt đã đăng nhập vào hệ thống
[2010-11-23 01:15:26,798] Thành viên với tên đăng nhập là : cuong_nq đã đăng nhập vào hệ thống
[2010-11-23 01:16:53,078] cuong_nq thêm mới chương trình đào tạo
[2010-11-23 01:19:29,508] cuong_nq cập nhật chương trình đào tạo
[2010-11-23 01:20:10,245] cuong_nq cập nhật chương trình đào tạo
[2010-11-23 01:21:40,896] cuong_nq tạo mới đề cương môn học
[2010-11-23 01:22:26,620] Thành viên với tên đăng nhập là : hong_nt đã đăng nhập vào hệ thống
[2010-11-23 09:04:52,378] Thành viên với tên đăng nhập là : hong_nt đã đăng nhập vào hệ thống
[2010-11-23 09:10:12,395] Thành viên với tên đăng nhập là : hong_nt đã đăng nhập vào hệ thống
[2010-11-23 09:11:46,448] Thành viên với tên đăng nhập là : hong_nt đã đăng nhập vào hệ thống
[2010-11-23 09:14:15,408] Thành viên với tên đăng nhập là : hong_nt đã đăng nhập vào hệ thống
[2010-11-23 09:15:13,341] Thành viên với tên đăng nhập là : hong_nt đã đăng nhập vào hệ thống
[2010-11-23 09:16:33,371] Thành viên với tên đăng nhập là : hong_nt đã đăng nhập vào hệ thống
[2010-11-23 09:18:49,207] Thành viên với tên đăng nhập là : hong_nt đã đăng nhập vào hệ thống
[2010-11-23 09:19:54,586] Thành viên với tên đăng nhập là : hong_nt đã đăng nhập vào hệ thống
[2010-11-23 09:22:14,192] Thành viên với tên đăng nhập là : hong_nt đã đăng nhập vào hệ thống
[2010-11-23 09:24:40,929] Thành viên với tên đăng nhập là : hong_nt đã đăng nhập vào hệ thống
[2010-11-23 09:27:06,272] Thành viên với tên đăng nhập là : hong_nt đã đăng nhập vào hệ thống
[2010-11-23 09:28:49,784] Thành viên với tên đăng nhập là : hong_nt đã đăng nhập vào hệ thống
[2010-11-23 10:05:11,702] Thành viên với tên đăng nhập là : hong_nt đã đăng nhập vào hệ thống
[2010-11-08 11:21:56,821] Thành viên với tên đăng nhập là : cuong_nq đã đăng nhập vào hệ thống
[2010-11-08 11:40:47,672] Thành viên với tên đăng nhập là : cuong_nq đã đăng nhập vào hệ thống
[2010-11-08 22:29:08,211] Thành viên với tên đăng nhập là : cuong_nq đã đăng nhập vào hệ thống
[2010-11-08 22:31:58,803] Thành viên với tên đăng nhập là : cuong_nq đã đăng nhập vào hệ thống
[2010-11-08 22:56:10,097] Thành viên với tên đăng nhập là : cuong_nq đã đăng nhập vào hệ thống
[2010-11-08 23:06:19,138] Thành viên với tên đăng nhập là : cuong_nq đã đăng nhập vào hệ thống
[2010-11-08 23:14:26,408] Thành viên với tên đăng nhập là : cuong_nq đã đăng nhập vào hệ thống
[2010-11-08 23:20:36,905] Thành viên với tên đăng nhập là : cuong_nq đã đăng nhập vào hệ thống
[2010-11-08 23:21:51,353] cuong_nq thêm mới chương trình đào tạo
[2010-11-08 23:22:14,631] cuong_nq cập nhật chương trình đào tạo
[2010-11-09 15:27:10,445] Thành viên với tên đăng nhập là : cuong_nq đã đăng nhập vào hệ thống
[2010-11-09 15:28:12,016] cuong_nq cập nhật chương trình đào tạo
[2010-11-09 15:28:30,445] cuong_nq cập nhật chương trình đào tạo
[2010-11-09 15:36:42,268] cuong_nq thêm mới chương trình đào tạo
[2010-11-09 15:49:03,948] cuong_nq cập nhật chương trình đào tạo
[2010-11-09 15:49:08,676] cuong_nq cập nhật chương trình đào tạo
[2010-11-09 15:49:15,256] cuong_nq cập nhật chương trình đào tạo
[2010-11-09 15:55:52,504] cuong_nq thêm mới chương trình đào tạo
[2010-11-09 15:56:03,294] cuong_nq cập nhật chương trình đào tạo
[2010-11-09 15:56:15,660] cuong_nq cập nhật chương trình đào tạo
[2010-11-09 15:59:54,301] Thành viên với tên đăng nhập là : ThienVD đã đăng nhập vào hệ thống
[2010-11-09 16:04:40,187] Thành viên với tên đăng nhập là : ThienVD đã đăng nhập vào hệ thống
[2010-11-09 16:04:55,161] Thành viên với tên đăng nhập là : cuong_nq đã đăng nhập vào hệ thống
[2010-11-09 16:10:05,639] cuong_nq thêm mới chương trình đào tạo
[2010-11-09 16:10:44,133] cuong_nq cập nhật chương trình đào tạo
[2010-11-09 16:11:15,651] cuong_nq cập nhật chương trình đào tạo
[2010-11-09 16:11:57,494] cuong_nq thêm mới chương trình đào tạo
[2010-11-09 16:12:01,074] cuong_nq cập nhật chương trình đào tạo
[2010-11-09 16:16:32,279] cuong_nq cập nhật chương trình đào tạo
[2010-11-09 16:16:49,208] cuong_nq cập nhật chương trình đào tạo
[2010-11-09 16:23:48,356] cuong_nq thêm mới chương trình đào tạo
[2010-11-09 16:24:51,983] cuong_nq cập nhật chương trình đào tạo
[2010-11-09 16:26:05,771] cuong_nq cập nhật chương trình đào tạo
[2010-11-09 21:18:05,395] Thành viên với tên đăng nhập là : cuong_nq đã đăng nhập vào hệ thống
[2010-11-09 21:19:22,103] cuong_nq thêm mới chương trình đào tạo
[2010-11-09 21:19:53,047] cuong_nq cập nhật chương trình đào tạo
[2010-11-09 21:20:00,343] cuong_nq cập nhật chương trình đào tạo
[2010-11-09 21:21:00,162] cuong_nq cập nhật chương trình đào tạo
[2010-11-09 21:26:27,487] Thành viên với tên đăng nhập là : cuong_nq đã đăng nhập vào hệ thống
[2010-11-09 21:27:23,320] cuong_nq thêm mới chương trình đào tạo
[2010-11-09 21:31:42,436] Thành viên với tên đăng nhập là : cuong_nq đã đăng nhập vào hệ thống
[2010-11-09 21:32:17,771] cuong_nq thêm mới chương trình đào tạo
[2010-11-09 21:35:52,585] Thành viên với tên đăng nhập là : cuong_nq đã đăng nhập vào hệ thống
[2010-11-09 21:36:23,123] cuong_nq thêm mới chương trình đào tạo
[2010-11-09 21:38:40,027] Thành viên với tên đăng nhập là : cuong_nq đã đăng nhập vào hệ thống
[2010-11-09 21:39:54,947] cuong_nq thêm mới chương trình đào tạo
[2010-11-09 21:40:45,679] cuong_nq thêm mới chương trình đào tạo
[2010-11-09 21:40:56,562] cuong_nq cập nhật chương trình đào tạo
[2010-11-09 21:41:11,843] cuong_nq cập nhật chương trình đào tạo
[2010-11-09 21:46:12,544] Thành viên với tên đăng nhập là : cuong_nq đã đăng nhập vào hệ thống
[2010-11-09 21:47:00,047] cuong_nq thêm mới chương trình đào tạo
[2010-11-09 21:47:16,020] cuong_nq cập nhật chương trình đào tạo
[2010-11-09 21:48:29,629] cuong_nq thêm mới chương trình đào tạo
[2010-11-09 21:51:46,093] Thành viên với tên đăng nhập là : cuong_nq đã đăng nhập vào hệ thống
[2010-11-09 21:52:32,820] cuong_nq thêm mới chương trình đào tạo
[2010-11-09 21:55:16,980] Thành viên với tên đăng nhập là : cuong_nq đã đăng nhập vào hệ thống
[2010-11-09 21:55:54,725] cuong_nq thêm mới chương trình đào tạo
[2010-11-09 22:13:44,194] Thành viên với tên đăng nhập là : cuong_nq đã đăng nhập vào hệ thống
[2010-11-09 22:14:22,852] cuong_nq thêm mới chương trình đào tạo
[2010-11-09 22:15:13,617] Thành viên với tên đăng nhập là : cuong_nq đã đăng nhập vào hệ thống
[2010-11-09 22:16:44,206] cuong_nq thêm mới chương trình đào tạo
[2010-11-09 22:22:30,474] Thành viên với tên đăng nhập là : cuong_nq đã đăng nhập vào hệ thống
[2010-11-09 22:23:10,294] cuong_nq thêm mới chương trình đào tạo
[2010-11-09 22:27:23,118] Thành viên với tên đăng nhập là : cuong_nq đã đăng nhập vào hệ thống
[2010-11-09 22:28:14,744] cuong_nq thêm mới chương trình đào tạo
[2010-11-09 22:32:31,999] Thành viên với tên đăng nhập là : cuong_nq đã đăng nhập vào hệ thống
[2010-11-09 22:51:09,174] Thành viên với tên đăng nhập là : cuong_nq đã đăng nhập vào hệ thống
[2010-11-09 22:57:19,768] Thành viên với tên đăng nhập là : cuong_nq đã đăng nhập vào hệ thống
[2010-11-09 23:08:23,406] Thành viên với tên đăng nhập là : cuong_nq đã đăng nhập vào hệ thống
[2010-11-09 23:13:25,108] Thành viên với tên đăng nhập là : cuong_nq đã đăng nhập vào hệ thống
[2010-11-09 23:18:41,696] Thành viên với tên đăng nhập là : cuong_nq đã đăng nhập vào hệ thống
[2010-11-09 23:19:43,202] Thành viên với tên đăng nhập là : cuong_nq đã đăng nhập vào hệ thống
[2010-11-09 23:23:08,721] Thành viên với tên đăng nhập là : cuong_nq đã đăng nhập vào hệ thống
[2010-11-09 23:38:18,448] Thành viên với tên đăng nhập là : cuong_nq đã đăng nhập vào hệ thống
[2010-11-09 23:38:54,051] cuong_nq thêm mới chương trình đào tạo
[2010-11-09 23:38:59,328] cuong_nq cập nhật chương trình đào tạo
[2010-11-09 23:47:24,104] Thành viên với tên đăng nhập là : cuong_nq đã đăng nhập vào hệ thống
[2010-11-09 23:52:35,695] Thành viên với tên đăng nhập là : cuong_nq đã đăng nhập vào hệ thống
[2010-11-10 15:57:15,227] Thành viên với tên đăng nhập là : cuong_nq đã đăng nhập vào hệ thống
[2010-11-10 15:58:19,165] Thành viên với tên đăng nhập là : cuong_nq đã đăng nhập vào hệ thống
[2010-11-10 16:04:38,589] Thành viên với tên đăng nhập là : cuong_nq đã đăng nhập vào hệ thống
[2010-11-12 15:08:37,370] Thành viên với tên đăng nhập là : cuong_nq đã đăng nhập vào hệ thống
[2010-11-12 15:10:09,194] cuong_nq thêm mới chương trình đào tạo
[2010-11-12 15:19:07,061] Thành viên với tên đăng nhập là : cuong_nq đã đăng nhập vào hệ thống
[2010-11-12 15:20:12,987] cuong_nq thêm mới chương trình đào tạo
[2010-11-12 15:20:20,172] cuong_nq cập nhật chương trình đào tạo
[2010-11-12 15:20:33,791] cuong_nq cập nhật chương trình đào tạo
[2010-11-12 15:27:24,573] cuong_nq tạo mới đề cương môn học
[2010-11-12 15:29:28,361] cuong_nq cập nhật chương trình đào tạo
[2010-11-12 15:29:45,373] cuong_nq cập nhật chương trình đào tạo
[2010-11-12 15:30:29,471] cuong_nq cập nhật chương trình đào tạo
[2010-11-12 15:44:25,315] cuong_nq tạo mới đề cương môn học
[2010-11-12 15:44:50,787] cuong_nq cập nhật chương trình đào tạo
[2010-11-14 13:52:11,027] Thành viên với tên đăng nhập là : cuong_nq đã đăng nhập vào hệ thống
[2010-11-14 13:53:49,507] cuong_nq tạo mới đề cương môn học
[2010-11-14 13:58:33,851] cuong_nq tạo mới đề cương môn học
[2010-11-14 13:59:10,526] cuong_nq tạo mới đề cương môn học
[2010-11-14 14:01:13,712] cuong_nq tạo mới đề cương môn học
[2010-11-14 14:02:10,549] cuong_nq tạo mới đề cương môn học
[2010-11-14 14:02:19,671] cuong_nq cập nhật đề cương môn học
[2010-11-14 14:02:41,345] Thành viên với tên đăng nhập là : ThienVD đã đăng nhập vào hệ thống
[2010-11-14 14:02:48,476] ThienVD phân loại đề cương môn học
[2010-11-14 14:02:51,094] ThienVD phân loại đề cương môn học
[2010-11-14 14:03:00,830] ThienVD approve đề cương môn học
[2010-11-14 14:03:10,856] ThienVD approve đề cương môn học
[2010-11-14 14:03:16,944] ThienVD approve đề cương môn học
[2010-11-14 14:03:22,668] ThienVD approve đề cương môn học
[2010-11-14 14:03:28,540] ThienVD approve đề cương môn học
[2010-11-14 14:03:34,068] ThienVD approve đề cương môn học
[2010-11-14 14:06:21,198] Thành viên với tên đăng nhập là : cuong_nq đã đăng nhập vào hệ thống
[2010-11-14 14:06:59,529] cuong_nq gửi mail cho Phòng kiểm định
[2010-11-14 14:08:55,012] Thành viên với tên đăng nhập là : trung_lc đã đăng nhập vào hệ thống
[2010-11-14 14:15:00,162] Thành viên với tên đăng nhập là : trung_lc đã đăng nhập vào hệ thống
[2010-11-14 14:24:03,947] Thành viên với tên đăng nhập là : ThienVD đã đăng nhập vào hệ thống
[2010-11-14 14:26:25,127] Thành viên với tên đăng nhập là : trung_lc đã đăng nhập vào hệ thống
[2010-11-14 14:27:30,897] Thành viên với tên đăng nhập là : minh_tc đã đăng nhập vào hệ thống
[2010-11-14 14:29:17,620] Thành viên với tên đăng nhập là : bang_ck đã đăng nhập vào hệ thống
[2010-11-14 14:29:54,702] Thành viên với tên đăng nhập là : trung_th đã đăng nhập vào hệ thống
[2010-11-14 14:37:49,474] Thành viên với tên đăng nhập là : truong_dq đã đăng nhập vào hệ thống
[2010-11-14 14:57:56,848] Thành viên với tên đăng nhập là : uyen_bmt đã đăng nhập vào hệ thống
[2010-11-14 14:59:19,071] Thành viên với tên đăng nhập là : trung_th đã đăng nhập vào hệ thống
[2010-11-14 15:00:23,263] Thành viên với tên đăng nhập là : trung_th đã đăng nhập vào hệ thống
[2010-11-14 15:05:58,877] Thành viên với tên đăng nhập là : trung_th đã đăng nhập vào hệ thống
[2010-11-14 15:07:53,620] Thành viên với tên đăng nhập là : hai_tv đã đăng nhập vào hệ thống
[2010-11-14 15:08:20,064] Thành viên với tên đăng nhập là : trung_th đã đăng nhập vào hệ thống
[2010-11-14 15:16:24,041] Thành viên với tên đăng nhập là : trung_th đã đăng nhập vào hệ thống
[2010-11-14 15:21:16,646] Thành viên với tên đăng nhập là : trung_th đã đăng nhập vào hệ thống
[2010-11-14 15:21:38,678] trung_th gửi mail cho Ban Giám Hiệu
[2010-11-14 15:24:25,023] trung_th phân loại chương trình đào tạo
[2010-11-14 15:24:30,718] trung_th phân loại chương trình đào tạo
[2010-11-14 15:24:35,672] trung_th phân loại chương trình đào tạo
[2010-11-14 15:24:52,514] Thành viên với tên đăng nhập là : hai_tv đã đăng nhập vào hệ thống
[2010-11-14 21:14:15,817] Thành viên với tên đăng nhập là : cuong_nq đã đăng nhập vào hệ thống
[2010-11-14 21:26:19,992] Thành viên với tên đăng nhập là : cuong_nq đã đăng nhập vào hệ thống
[2010-11-14 21:32:14,419] Thành viên với tên đăng nhập là : cuong_nq đã đăng nhập vào hệ thống
[2010-11-14 21:32:29,484] cuong_nq cập nhật đề cương môn học
[2010-11-14 21:35:48,060] cuong_nq cập nhật đề cương môn học
[2010-11-14 21:36:18,948] Thành viên với tên đăng nhập là : cuong_nq đã đăng nhập vào hệ thống
[2010-11-14 21:36:33,355] cuong_nq cập nhật đề cương môn học
[2010-11-14 21:41:34,638] cuong_nq tạo mới đề cương môn học
[2010-11-14 21:41:40,101] cuong_nq cập nhật đề cương môn học
[2010-11-14 21:42:31,717] cuong_nq cập nhật đề cương môn học
[2010-11-14 23:19:18,151] Thành viên với tên đăng nhập là : cuong_nq đã đăng nhập vào hệ thống
[2010-11-14 23:32:10,008] Thành viên với tên đăng nhập là : cuong_nq đã đăng nhập vào hệ thống
[2010-11-14 23:41:46,350] Thành viên với tên đăng nhập là : cuong_nq đã đăng nhập vào hệ thống
[2010-11-14 23:47:24,500] Thành viên với tên đăng nhập là : cuong_nq đã đăng nhập vào hệ thống
[2010-11-14 23:49:31,292] Thành viên với tên đăng nhập là : cuong_nq đã đăng nhập vào hệ thống
[2010-11-14 23:51:25,874] Thành viên với tên đăng nhập là : cuong_nq đã đăng nhập vào hệ thống
[2010-11-14 23:54:04,389] Thành viên với tên đăng nhập là : cuong_nq đã đăng nhập vào hệ thống
[2010-11-14 23:56:10,996] Thành viên với tên đăng nhập là : cuong_nq đã đăng nhập vào hệ thống
[2010-11-14 23:58:39,879] Thành viên với tên đăng nhập là : cuong_nq đã đăng nhập vào hệ thống
[2010-11-14 23:59:14,416] Thành viên với tên đăng nhập là : cuong_nq đã đăng nhập vào hệ thống
[2010-11-15 00:02:56,935] Thành viên với tên đăng nhập là : cuong_nq đã đăng nhập vào hệ thống
[2010-11-15 00:13:15,538] Thành viên với tên đăng nhập là : cuong_nq đã đăng nhập vào hệ thống
[2010-11-15 00:17:07,884] Thành viên với tên đăng nhập là : cuong_nq đã đăng nhập vào hệ thống
[2010-11-15 00:18:43,301] Thành viên với tên đăng nhập là : cuong_nq đã đăng nhập vào hệ thống
[2010-11-15 00:19:53,709] Thành viên với tên đăng nhập là : cuong_nq đã đăng nhập vào hệ thống
[2010-11-15 00:22:18,347] Thành viên với tên đăng nhập là : cuong_nq đã đăng nhập vào hệ thống
[2010-11-15 00:23:06,020] Thành viên với tên đăng nhập là : cuong_nq đã đăng nhập vào hệ thống
[2010-11-15 00:23:36,239] Thành viên với tên đăng nhập là : cuong_nq đã đăng nhập vào hệ thống
[2010-11-15 14:45:25,367] Thành viên với tên đăng nhập là : ThienVD đã đăng nhập vào hệ thống
[2010-11-15 14:45:45,604] Thành viên với tên đăng nhập là : han_nkn đã đăng nhập vào hệ thống
[2010-11-15 14:49:47,485] Thành viên với tên đăng nhập là : han_nkn đã đăng nhập vào hệ thống
[2010-11-15 14:54:17,971] Thành viên với tên đăng nhập là : hong_nt đã đăng nhập vào hệ thống
[2010-11-15 21:34:48,952] Thành viên với tên đăng nhập là : hong_nt đã đăng nhập vào hệ thống
[2010-11-15 21:42:11,799] Thành viên với tên đăng nhập là : hong_nt đã đăng nhập vào hệ thống
[2010-11-15 23:04:24,881] Thành viên với tên đăng nhập là : hong_nt đã đăng nhập vào hệ thống
[2010-11-15 23:05:38,773] Thành viên với tên đăng nhập là : hong_nt đã đăng nhập vào hệ thống
[2010-11-15 23:12:59,887] Thành viên với tên đăng nhập là : hong_nt đã đăng nhập vào hệ thống
[2010-11-15 23:13:48,471] Thành viên với tên đăng nhập là : hong_nt đã đăng nhập vào hệ thống
[2010-11-15 23:14:56,862] Thành viên với tên đăng nhập là : hong_nt đã đăng nhập vào hệ thống
[2010-11-15 23:25:13,209] Thành viên với tên đăng nhập là : hong_nt đã đăng nhập vào hệ thống
[2010-11-15 23:25:59,765] Thành viên với tên đăng nhập là : hong_nt đã đăng nhập vào hệ thống
[2010-11-15 23:28:28,810] Thành viên với tên đăng nhập là : cuong_nq đã đăng nhập vào hệ thống
[2010-11-15 23:31:43,123] Thành viên với tên đăng nhập là : uyen_bmt đã đăng nhập vào hệ thống
[2010-11-15 23:36:41,548] Thành viên với tên đăng nhập là : ThienVD đã đăng nhập vào hệ thống
[2010-11-15 23:37:29,297] Thành viên với tên đăng nhập là : hai_tv đã đăng nhập vào hệ thống
[2010-11-15 23:39:38,426] Thành viên với tên đăng nhập là : hong_nt đã đăng nhập vào hệ thống
[2010-11-15 23:41:27,513] Thành viên với tên đăng nhập là : hong_nt đã đăng nhập vào hệ thống
[2010-11-15 23:46:53,117] Thành viên với tên đăng nhập là : hong_nt đã đăng nhập vào hệ thống
[2010-11-16 08:57:54,195] Thành viên với tên đăng nhập là : hong_nt đã đăng nhập vào hệ thống
[2010-11-16 09:02:22,009] Thành viên với tên đăng nhập là : hong_nt đã đăng nhập vào hệ thống
[2010-11-16 09:11:02,561] Thành viên với tên đăng nhập là : cuong_nq đã đăng nhập vào hệ thống
[2010-11-16 09:15:52,706] Thành viên với tên đăng nhập là : hong_nt đã đăng nhập vào hệ thống
[2010-11-16 09:16:53,272] Thành viên với tên đăng nhập là : hong_nt đã đăng nhập vào hệ thống
[2010-11-16 09:18:53,845] Thành viên với tên đăng nhập là : hong_nt đã đăng nhập vào hệ thống
[2010-11-16 09:21:28,693] Thành viên với tên đăng nhập là : hong_nt đã đăng nhập vào hệ thống
[2010-11-16 09:23:43,381] Thành viên với tên đăng nhập là : hong_nt đã đăng nhập vào hệ thống
[2010-11-16 09:26:00,785] Thành viên với tên đăng nhập là : hong_nt đã đăng nhập vào hệ thống
[2010-11-16 09:29:09,836] Thành viên với tên đăng nhập là : hong_nt đã đăng nhập vào hệ thống
[2010-11-16 09:55:28,275] Thành viên với tên đăng nhập là : hong_nt đã đăng nhập vào hệ thống
[2010-11-16 12:58:06,843] Thành viên với tên đăng nhập là : ThienVD đã đăng nhập vào hệ thống
[2010-11-23 11:02:37,630] Thành viên với tên đăng nhập là : cuong_nq đã đăng nhập vào hệ thống
[2010-11-23 22:18:59,496] Thành viên với tên đăng nhập là : hong_nt đã đăng nhập vào hệ thống
[2010-11-23 22:57:11,335] Thành viên với tên đăng nhập là : hong_nt đã đăng nhập vào hệ thống
[2010-11-23 22:57:24,054] hong_nt cập nhật công tác tuần
[2010-11-23 22:59:15,887] Thành viên với tên đăng nhập là : hong_nt đã đăng nhập vào hệ thống
[2010-11-23 22:59:48,134] hong_nt cập nhật công tác tuần
[2010-11-23 23:00:34,076] Thành viên với tên đăng nhập là : hong_nt đã đăng nhập vào hệ thống
[2010-11-23 23:01:17,408] hong_nt cập nhật công tác tuần
[2010-11-23 23:01:28,345] hong_nt cập nhật công tác tuần
[2010-11-23 23:04:06,909] Thành viên với tên đăng nhập là : hong_nt đã đăng nhập vào hệ thống
[2010-11-23 23:04:43,799] hong_nt cập nhật công tác tuần
[2010-11-26 13:31:11,853] Thành viên với tên đăng nhập là : ThienVD đã đăng nhập vào hệ thống
[2010-11-26 14:16:05,772] Thành viên với tên đăng nhập là : ThienVD đã đăng nhập vào hệ thống
[2010-11-26 14:37:50,126] ThienVD gửi đề cương môn học cho Ban Giám Hiệu
[2010-11-29 13:11:35,235] Thành viên với tên đăng nhập là : hong_nt đã đăng nhập vào hệ thống
[2010-11-30 10:50:46,720] Thành viên với tên đăng nhập là : han_nkn đã đăng nhập vào hệ thống
[2010-11-30 10:52:51,284] Thành viên với tên đăng nhập là : han_nkn đã đăng nhập vào hệ thống
[2010-11-30 11:15:33,414] Thành viên với tên đăng nhập là : han_nkn đã đăng nhập vào hệ thống
[2010-11-30 11:17:01,249] Thành viên với tên đăng nhập là : han_nkn đã đăng nhập vào hệ thống
[2010-11-30 11:19:50,061] Thành viên với tên đăng nhập là : han_nkn đã đăng nhập vào hệ thống
[2010-11-30 13:55:15,534] Thành viên với tên đăng nhập là : han_nkn đã đăng nhập vào hệ thống
[2010-11-30 15:06:53,896] Thành viên với tên đăng nhập là : han_nkn đã đăng nhập vào hệ thống
[2010-11-30 15:08:35,817] Thành viên với tên đăng nhập là : han_nkn đã đăng nhập vào hệ thống
[2010-11-30 15:12:39,006] Thành viên với tên đăng nhập là : han_nkn đã đăng nhập vào hệ thống
[2010-11-30 15:27:05,698] Thành viên với tên đăng nhập là : han_nkn đã đăng nhập vào hệ thống
[2010-11-30 15:27:24,892] han_nkn thêm mới kế hoạch đào tạo
[2010-11-30 15:27:46,785] han_nkn cập nhật kế hoạch đào tạo
[2010-11-30 16:12:26,903] Thành viên với tên đăng nhập là : ThienVD đã đăng nhập vào hệ thống
[2010-12-01 08:30:44,971] Thành viên với tên đăng nhập là : trung_th đã đăng nhập vào hệ thống
[2010-12-01 08:31:06,517] trung_th phân loại chương trình đào tạo
[2010-12-01 08:31:09,614] trung_th phân loại chương trình đào tạo
[2010-12-01 08:31:12,317] trung_th phân loại chương trình đào tạo
[2010-12-01 08:33:40,208] Thành viên với tên đăng nhập là : trung_th đã đăng nhập vào hệ thống
[2010-12-01 08:37:13,174] Thành viên với tên đăng nhập là : trung_th đã đăng nhập vào hệ thống
[2010-12-01 08:40:56,422] Thành viên với tên đăng nhập là : trung_th đã đăng nhập vào hệ thống
[2010-12-01 08:41:42,362] Thành viên với tên đăng nhập là : trung_th đã đăng nhập vào hệ thống
[2010-12-01 08:45:40,873] Thành viên với tên đăng nhập là : trung_th đã đăng nhập vào hệ thống
[2010-12-01 08:48:37,723] Thành viên với tên đăng nhập là : trung_th đã đăng nhập vào hệ thống
[2010-12-01 08:52:33,712] Thành viên với tên đăng nhập là : trung_th đã đăng nhập vào hệ thống
[2010-12-01 08:59:52,401] Thành viên với tên đăng nhập là : trung_th đã đăng nhập vào hệ thống
[2010-12-01 09:00:45,367] Thành viên với tên đăng nhập là : hai_tv đã đăng nhập vào hệ thống
[2010-12-06 12:48:56,844] Thành viên với tên đăng nhập là : han_nkn đã đăng nhập vào hệ thống
[2010-12-06 12:49:16,879] han_nkn thêm mới kế hoạch đào tạo
[2010-12-06 12:49:24,988] han_nkn cập nhật kế hoạch đào tạo
[2010-12-06 12:50:24,275] han_nkn cập nhật kế hoạch đào tạo
[2010-12-06 12:52:09,068] han_nkn cập nhật kế hoạch đào tạo
[2010-12-06 12:55:06,824] Thành viên với tên đăng nhập là : han_nkn đã đăng nhập vào hệ thống
[2010-12-06 12:56:54,150] Thành viên với tên đăng nhập là : han_nkn đã đăng nhập vào hệ thống
[2010-12-06 12:57:06,621] han_nkn cập nhật kế hoạch đào tạo
[2010-12-06 12:57:14,004] han_nkn cập nhật kế hoạch đào tạo
[2010-12-06 13:36:45,198] Thành viên với tên đăng nhập là : han_nkn đã đăng nhập vào hệ thống
[2010-12-10 06:22:03,691] Thành viên với tên đăng nhập là : cuong_nq đã đăng nhập vào hệ thống
[2010-12-10 06:46:42,852] Thành viên với tên đăng nhập là : cuong_nq đã đăng nhập vào hệ thống
[2010-12-10 07:19:08,243] Thành viên với tên đăng nhập là : cuong_nq đã đăng nhập vào hệ thống
[2010-12-10 07:44:53,763] cuong_nq câp nhật thời khóa biểu
[2010-12-10 07:55:14,172] cuong_nq câp nhật thời khóa biểu
[2010-12-10 07:56:08,589] cuong_nq thêm môn học thời khóa biểu
[2010-12-10 07:56:23,190] cuong_nq câp nhật thời khóa biểu
[2010-12-10 08:06:29,035] Thành viên với tên đăng nhập là : cuong_nq đã đăng nhập vào hệ thống
[2010-12-10 08:10:37,398] Thành viên với tên đăng nhập là : cuong_nq đã đăng nhập vào hệ thống
[2010-12-10 20:51:19,962] Thành viên với tên đăng nhập là : cuong_nq đã đăng nhập vào hệ thống
[2010-12-10 21:00:07,086] Thành viên với tên đăng nhập là : truong_dq đã đăng nhập vào hệ thống
[2010-12-10 22:46:54,413] Thành viên với tên đăng nhập là : truong_dq đã đăng nhập vào hệ thống
[2010-12-10 22:50:32,948] Thành viên với tên đăng nhập là : truong_dq đã đăng nhập vào hệ thống
[2010-12-10 23:39:56,688] Thành viên với tên đăng nhập là : truong_dq đã đăng nhập vào hệ thống
[2010-12-11 08:54:47,220] Thành viên với tên đăng nhập là : truong_dq đã đăng nhập vào hệ thống
[2010-12-11 08:55:10,907] Thành viên với tên đăng nhập là : cuong_nq đã đăng nhập vào hệ thống
[2010-12-11 10:55:42,587] Thành viên với tên đăng nhập là : cuong_nq đã đăng nhập vào hệ thống
[2010-12-11 10:59:57,213] Thành viên với tên đăng nhập là : cuong_nq đã đăng nhập vào hệ thống
[2010-12-11 16:04:58,286] Thành viên với tên đăng nhập là : cuong_nq đã đăng nhập vào hệ thống
[2010-12-11 16:23:48,507] Thành viên với tên đăng nhập là : cuong_nq đã đăng nhập vào hệ thống
[2010-12-11 16:29:19,865] cuong_nq thêm môn học thời khóa biểu
[2010-12-11 16:29:34,592] cuong_nq cập nhậ môn học thời khóa biểu
[2010-12-11 16:31:46,159] Thành viên với tên đăng nhập là : cuong_nq đã đăng nhập vào hệ thống
[2010-12-11 16:32:23,115] Thành viên với tên đăng nhập là : cuong_nq đã đăng nhập vào hệ thống
[2010-12-11 16:34:42,914] Thành viên với tên đăng nhập là : huyen_nt đã đăng nhập vào hệ thống
[2010-12-11 16:36:33,984] Thành viên với tên đăng nhập là : dung_nd đã đăng nhập vào hệ thống
[2010-12-12 14:34:30,688] Thành viên với tên đăng nhập là : uyen_bmt đã đăng nhập vào hệ thống
[2010-12-12 14:41:34,898] Thành viên với tên đăng nhập là : uyen_bmt đã đăng nhập vào hệ thống
[2010-12-12 15:40:16,528] Thành viên với tên đăng nhập là : uyen_bmt đã đăng nhập vào hệ thống
[2010-12-12 15:47:39,939] Thành viên với tên đăng nhập là : uyen_bmt đã đăng nhập vào hệ thống
[2010-12-12 15:48:12,799] Thành viên với tên đăng nhập là : uyen_bmt đã đăng nhập vào hệ thống
[2010-12-13 10:30:46,577] Thành viên với tên đăng nhập là : ThienVD đã đăng nhập vào hệ thống
[2010-12-13 10:36:18,504] Thành viên với tên đăng nhập là : ThienVD đã đăng nhập vào hệ thống
[2010-12-13 10:54:55,136] Thành viên với tên đăng nhập là : ThienVD đã đăng nhập vào hệ thống
[2010-12-13 10:56:08,749] Thành viên với tên đăng nhập là : ThienVD đã đăng nhập vào hệ thống
[2010-12-13 11:00:03,833] Thành viên với tên đăng nhập là : ThienVD đã đăng nhập vào hệ thống
[2010-12-13 11:08:30,889] Thành viên với tên đăng nhập là : ThienVD đã đăng nhập vào hệ thống
[2010-12-13 11:12:12,007] Thành viên với tên đăng nhập là : ThienVD đã đăng nhập vào hệ thống
[2010-12-13 11:21:13,006] Thành viên với tên đăng nhập là : ThienVD đã đăng nhập vào hệ thống
[2010-12-13 11:22:20,029] Thành viên với tên đăng nhập là : ThienVD đã đăng nhập vào hệ thống
[2010-12-13 11:24:06,897] Thành viên với tên đăng nhập là : ThienVD đã đăng nhập vào hệ thống
[2010-12-13 11:26:13,153] Thành viên với tên đăng nhập là : ThienVD đã đăng nhập vào hệ thống
[2010-12-13 11:36:44,281] Thành viên với tên đăng nhập là : ThienVD đã đăng nhập vào hệ thống
[2010-12-13 11:39:35,856] Thành viên với tên đăng nhập là : ThienVD đã đăng nhập vào hệ thống
[2010-12-13 11:42:02,834] Thành viên với tên đăng nhập là : ThienVD đã đăng nhập vào hệ thống
[2010-12-13 11:43:19,345] Thành viên với tên đăng nhập là : ThienVD đã đăng nhập vào hệ thống
[2010-12-13 11:44:20,967] Thành viên với tên đăng nhập là : ThienVD đã đăng nhập vào hệ thống
[2010-12-13 11:47:20,417] Thành viên với tên đăng nhập là : ThienVD đã đăng nhập vào hệ thống
[2010-12-13 11:48:18,244] Thành viên với tên đăng nhập là : ThienVD đã đăng nhập vào hệ thống
[2010-12-13 11:53:22,146] Thành viên với tên đăng nhập là : ThienVD đã đăng nhập vào hệ thống
[2010-12-13 11:55:45,249] Thành viên với tên đăng nhập là : ThienVD đã đăng nhập vào hệ thống
[2010-12-13 11:56:49,372] Thành viên với tên đăng nhập là : ThienVD đã đăng nhập vào hệ thống
[2010-12-13 11:57:42,187] Thành viên với tên đăng nhập là : ThienVD đã đăng nhập vào hệ thống
[2010-12-13 13:04:56,036] Thành viên với tên đăng nhập là : ThienVD đã đăng nhập vào hệ thống
[2010-12-13 13:05:54,143] Thành viên với tên đăng nhập là : ThienVD đã đăng nhập vào hệ thống
[2010-12-13 13:07:22,608] Thành viên với tên đăng nhập là : ThienVD đã đăng nhập vào hệ thống
[2010-12-13 13:08:52,674] Thành viên với tên đăng nhập là : ThienVD đã đăng nhập vào hệ thống
[2010-12-13 13:09:58,279] Thành viên với tên đăng nhập là : ThienVD đã đăng nhập vào hệ thống
[2010-12-13 13:13:09,520] Thành viên với tên đăng nhập là : ThienVD đã đăng nhập vào hệ thống
[2010-12-13 13:14:18,201] Thành viên với tên đăng nhập là : ThienVD đã đăng nhập vào hệ thống
[2010-12-14 10:52:38,030] Thành viên với tên đăng nhập là : ThienVD đã đăng nhập vào hệ thống
[2010-12-14 14:18:59,480] Thành viên với tên đăng nhập là : ThienVD đã đăng nhập vào hệ thống
[2010-12-14 14:21:29,289] Thành viên với tên đăng nhập là : truong_dq đã đăng nhập vào hệ thống
[2010-12-14 14:31:47,511] Thành viên với tên đăng nhập là : truong_dq đã đăng nhập vào hệ thống
[2010-12-14 14:33:29,808] truong_dq tạo mới đề cương môn học
[2010-12-14 14:53:36,189] Thành viên với tên đăng nhập là : truong_dq đã đăng nhập vào hệ thống
[2010-12-14 14:57:00,086] Thành viên với tên đăng nhập là : truong_dq đã đăng nhập vào hệ thống
[2010-12-14 14:59:13,643] Thành viên với tên đăng nhập là : ThienVD đã đăng nhập vào hệ thống
[2010-12-14 15:01:10,854] Thành viên với tên đăng nhập là : ThienVD đã đăng nhập vào hệ thống
[2010-12-14 15:03:42,873] Thành viên với tên đăng nhập là : truong_dq đã đăng nhập vào hệ thống
[2010-12-14 15:05:19,161] truong_dq tạo mới đề cương môn học
[2010-12-14 15:06:01,488] truong_dq cập nhật đề cương môn học
[2010-12-14 15:06:32,955] truong_dq cập nhật đề cương môn học
[2010-12-14 15:09:43,178] Thành viên với tên đăng nhập là : ThienVD đã đăng nhập vào hệ thống
[2010-12-14 15:17:34,819] Thành viên với tên đăng nhập là : ThienVD đã đăng nhập vào hệ thống
[2010-12-14 15:21:27,325] Thành viên với tên đăng nhập là : ThienVD đã đăng nhập vào hệ thống
[2010-12-14 15:22:22,750] Thành viên với tên đăng nhập là : ThienVD đã đăng nhập vào hệ thống
[2010-12-14 15:24:21,095] Thành viên với tên đăng nhập là : ThienVD đã đăng nhập vào hệ thống
[2010-12-14 23:35:36,308] Thành viên với tên đăng nhập là : cuong_nq đã đăng nhập vào hệ thống
[2010-12-14 23:46:46,355] Thành viên với tên đăng nhập là : cuong_nq đã đăng nhập vào hệ thống
[2010-12-14 23:48:51,811] Thành viên với tên đăng nhập là : cuong_nq đã đăng nhập vào hệ thống
[2010-12-15 00:00:17,680] Thành viên với tên đăng nhập là : ThienVD đã đăng nhập vào hệ thống
[2010-12-15 00:05:15,871] Thành viên với tên đăng nhập là : cuong_nq đã đăng nhập vào hệ thống
[2010-12-15 00:05:27,510] cuong_nq câp nhật thời khóa biểu
[2010-12-15 00:10:41,708] Thành viên với tên đăng nhập là : ThienVD đã đăng nhập vào hệ thống
[2010-12-15 00:10:48,043] ThienVD câp nhật thời khóa biểu
[2010-12-15 00:11:30,269] Thành viên với tên đăng nhập là : ThienVD đã đăng nhập vào hệ thống
[2010-12-15 00:11:47,138] ThienVD câp nhật thời khóa biểu
[2010-12-15 00:37:27,567] Thành viên với tên đăng nhập là : ThienVD đã đăng nhập vào hệ thống
[2010-12-15 00:37:49,156] ThienVD cập nhậ môn học thời khóa biểu
[2010-12-15 00:39:03,012] ThienVD cập nhậ môn học thời khóa biểu
[2010-12-15 00:39:34,904] ThienVD thêm môn học thời khóa biểu
[2010-12-15 00:39:39,164] ThienVD câp nhật thời khóa biểu
[2010-12-17 21:48:22,246] Thành viên với tên đăng nhập là : ThienVD đã đăng nhập vào hệ thống
[2010-12-17 21:56:39,291] Thành viên với tên đăng nhập là : ThienVD đã đăng nhập vào hệ thống
[2010-12-17 21:57:51,436] Thành viên với tên đăng nhập là : ThienVD đã đăng nhập vào hệ thống
[2010-12-19 13:27:30,309] Thành viên với tên đăng nhập là : ThienVD đã đăng nhập vào hệ thống
[2010-12-20 01:20:55,398] Thành viên với tên đăng nhập là : ThienVD đã đăng nhập vào hệ thống
[2010-12-20 01:32:43,668] Thành viên với tên đăng nhập là : ThienVD đã đăng nhập vào hệ thống
[2010-12-20 01:35:20,809] Thành viên với tên đăng nhập là : ThienVD đã đăng nhập vào hệ thống
[2010-12-20 01:35:54,062] Thành viên với tên đăng nhập là : ThienVD đã đăng nhập vào hệ thống
[2010-12-20 01:36:47,607] Thành viên với tên đăng nhập là : ThienVD đã đăng nhập vào hệ thống
[2010-12-20 01:40:31,832] Thành viên với tên đăng nhập là : ThienVD đã đăng nhập vào hệ thống
[2010-12-20 01:42:39,939] Thành viên với tên đăng nhập là : ThienVD đã đăng nhập vào hệ thống
[2010-12-20 01:51:25,395] Thành viên với tên đăng nhập là : ThienVD đã đăng nhập vào hệ thống
[2010-12-20 01:52:38,629] Thành viên với tên đăng nhập là : ThienVD đã đăng nhập vào hệ thống
[2010-12-20 01:53:57,436] Thành viên với tên đăng nhập là : ThienVD đã đăng nhập vào hệ thống
[2010-12-20 01:58:26,073] Thành viên với tên đăng nhập là : ThienVD đã đăng nhập vào hệ thống
[2010-12-20 08:43:57,334] Thành viên với tên đăng nhập là : ThienVD đã đăng nhập vào hệ thống
[2010-12-20 08:55:01,991] Thành viên với tên đăng nhập là : ThienVD đã đăng nhập vào hệ thống
[2010-12-20 09:03:29,397] Thành viên với tên đăng nhập là : ThienVD đã đăng nhập vào hệ thống
[2010-12-20 09:06:23,066] Thành viên với tên đăng nhập là : ThienVD đã đăng nhập vào hệ thống
[2010-12-20 09:11:38,427] Thành viên với tên đăng nhập là : ThienVD đã đăng nhập vào hệ thống
[2010-12-20 09:20:49,630] Thành viên với tên đăng nhập là : ThienVD đã đăng nhập vào hệ thống
[2010-12-20 09:23:43,876] Thành viên với tên đăng nhập là : ThienVD đã đăng nhập vào hệ thống
[2010-12-20 09:24:58,465] Thành viên với tên đăng nhập là : ThienVD đã đăng nhập vào hệ thống
[2010-12-20 09:26:52,196] Thành viên với tên đăng nhập là : ThienVD đã đăng nhập vào hệ thống
[2010-12-20 09:27:35,540] Thành viên với tên đăng nhập là : ThienVD đã đăng nhập vào hệ thống
[2010-12-20 09:28:47,370] Thành viên với tên đăng nhập là : ThienVD đã đăng nhập vào hệ thống
[2010-12-20 09:31:03,427] Thành viên với tên đăng nhập là : ThienVD đã đăng nhập vào hệ thống
[2010-12-20 09:34:37,480] Thành viên với tên đăng nhập là : ThienVD đã đăng nhập vào hệ thống
[2010-12-20 09:35:47,413] Thành viên với tên đăng nhập là : ThienVD đã đăng nhập vào hệ thống
[2010-12-20 09:42:04,772] Thành viên với tên đăng nhập là : ThienVD đã đăng nhập vào hệ thống
[2010-12-20 09:44:04,433] Thành viên với tên đăng nhập là : ThienVD đã đăng nhập vào hệ thống
[2010-12-20 09:45:05,155] Thành viên với tên đăng nhập là : ThienVD đã đăng nhập vào hệ thống
[2010-12-20 09:54:50,010] Thành viên với tên đăng nhập là : ThienVD đã đăng nhập vào hệ thống
[2010-12-20 10:12:07,476] Thành viên với tên đăng nhập là : ThienVD đã đăng nhập vào hệ thống
[2010-12-20 10:15:17,410] Thành viên với tên đăng nhập là : cuong_nq đã đăng nhập vào hệ thống
[2010-12-20 15:22:57,741] Thành viên với tên đăng nhập là : ThienVD đã đăng nhập vào hệ thống
[2010-12-21 08:49:02,593] Thành viên với tên đăng nhập là : ThienVD đã đăng nhập vào hệ thống
[2010-12-21 17:05:43,063] Thành viên với tên đăng nhập là : ThienVD đã đăng nhập vào hệ thống
[2010-12-21 22:55:33,464] Thành viên với tên đăng nhập là : han_nkn đã đăng nhập vào hệ thống
[2010-12-21 22:55:59,637] han_nkn thêm mới kế hoạch đào tạo
[2010-12-21 22:56:22,332] han_nkn gửi ban giám hiệu kế hoạch đào tạo
[2010-12-21 23:00:50,239] Thành viên với tên đăng nhập là : hai_tv đã đăng nhập vào hệ thống
[2010-12-21 23:01:06,744] hai_tv approve kế hoạch đào tạo
[2010-12-21 23:01:50,237] Thành viên với tên đăng nhập là : hong_nt đã đăng nhập vào hệ thống
[2010-12-21 23:04:59,435] Thành viên với tên đăng nhập là : hai_tv đã đăng nhập vào hệ thống
[2010-12-21 23:06:42,749] Thành viên với tên đăng nhập là : cuong_nq đã đăng nhập vào hệ thống
[2010-12-21 23:09:11,312] cuong_nq thêm mới chương trình đào tạo
[2010-12-21 23:12:41,931] cuong_nq tạo mới đề cương môn học
[2010-12-21 23:12:51,412] cuong_nq gửi đề cương môn học cho Ban Giám Hiệu
[2010-12-21 23:15:31,676] cuong_nq tạo mới đề cương môn học
[2010-12-21 23:15:37,221] cuong_nq gửi đề cương môn học cho Ban Giám Hiệu
[2010-12-21 23:18:36,636] cuong_nq tạo mới đề cương môn học
[2010-12-21 23:18:46,342] cuong_nq gửi đề cương môn học cho Ban Giám Hiệu
[2010-12-21 23:19:31,093] Thành viên với tên đăng nhập là : hai_tv đã đăng nhập vào hệ thống
[2010-12-21 23:20:27,419] Thành viên với tên đăng nhập là : cuong_nq đã đăng nhập vào hệ thống
[2010-12-21 23:20:37,842] cuong_nq phân loại đề cương môn học
[2010-12-21 23:20:41,754] cuong_nq approve đề cương môn học
[2010-12-21 23:20:49,008] cuong_nq approve đề cương môn học
[2010-12-21 23:20:54,902] cuong_nq approve đề cương môn học
[2010-12-21 23:21:19,599] cuong_nq gửi mail cho Phòng kiểm định
[2010-12-21 23:24:27,563] Thành viên với tên đăng nhập là : trung_th đã đăng nhập vào hệ thống
[2010-12-21 23:25:11,607] trung_th gửi Chương trình đào tạo cho hiệu trưởng
[2010-12-21 23:26:01,685] Thành viên với tên đăng nhập là : hai_tv đã đăng nhập vào hệ thống
[2010-12-21 23:26:27,450] hai_tv approve Chương trình đào tạo
[2010-12-21 23:27:03,974] Thành viên với tên đăng nhập là : cuong_nq đã đăng nhập vào hệ thống
[2010-12-21 23:33:25,930] Thành viên với tên đăng nhập là : ThienVD đã đăng nhập vào hệ thống
[2010-12-21 23:45:06,522] Thành viên với tên đăng nhập là : cuong_nq đã đăng nhập vào hệ thống
[2010-12-21 23:47:18,289] cuong_nq thêm môn học thời khóa biểu
[2010-12-21 23:48:58,020] cuong_nq thêm môn học thời khóa biểu
[2010-12-21 23:51:02,560] cuong_nq thêm môn học thời khóa biểu
[2010-12-22 11:39:50,099] Thành viên với tên đăng nhập là : cuong_nq đã đăng nhập vào hệ thống
[2010-12-22 11:58:49,454] Thành viên với tên đăng nhập là : cuong_nq đã đăng nhập vào hệ thống
[2010-12-22 12:19:36,186] Thành viên với tên đăng nhập là : cuong_nq đã đăng nhập vào hệ thống
[2010-12-22 12:28:30,917] Thành viên với tên đăng nhập là : ThienVD đã đăng nhập vào hệ thống
[2010-12-22 12:30:28,952] ThienVD cập nhật chương trình đào tạo
[2010-12-22 12:32:06,345] ThienVD tạo mới đề cương môn học
[2010-12-22 12:32:16,475] ThienVD approve đề cương môn học
[2010-12-22 12:36:28,048] Thành viên với tên đăng nhập là : cuong_nq đã đăng nhập vào hệ thống
[2010-12-22 12:40:24,679] Thành viên với tên đăng nhập là : ThienVD đã đăng nhập vào hệ thống
[2010-12-22 12:45:56,035] Thành viên với tên đăng nhập là : ThienVD đã đăng nhập vào hệ thống
[2010-12-23 11:12:27,848] Thành viên với tên đăng nhập là : ThienVD đã đăng nhập vào hệ thống
[2010-12-23 11:16:12,837] Thành viên với tên đăng nhập là : ThienVD đã đăng nhập vào hệ thống
[2010-12-23 11:18:06,848] Thành viên với tên đăng nhập là : ThienVD đã đăng nhập vào hệ thống
[2010-12-23 11:20:14,489] Thành viên với tên đăng nhập là : ThienVD đã đăng nhập vào hệ thống
[2010-12-23 11:22:31,160] Thành viên với tên đăng nhập là : ThienVD đã đăng nhập vào hệ thống
[2010-12-23 11:25:44,030] Thành viên với tên đăng nhập là : ThienVD đã đăng nhập vào hệ thống
[2010-12-26 00:33:16,084] Thành viên với tên đăng nhập là : cuong_nq đã đăng nhập vào hệ thống
[2010-12-26 01:08:02,475] Thành viên với tên đăng nhập là : cuong_nq đã đăng nhập vào hệ thống
[2010-12-26 01:08:27,077] cuong_nq thêm môn học thời khóa biểu
[2010-12-26 01:08:59,377] cuong_nq thêm môn học thời khóa biểu
[2010-12-26 21:02:05,931] Thành viên với tên đăng nhập là : cuong_nq đã đăng nhập vào hệ thống
[2010-12-26 23:02:20,033] Thành viên với tên đăng nhập là : ThienVD đã đăng nhập vào hệ thống
[2010-12-26 23:05:06,561] Thành viên với tên đăng nhập là : cuong_nq đã đăng nhập vào hệ thống
[2010-12-26 23:06:19,398] cuong_nq thêm môn học thời khóa biểu
[2010-12-26 23:28:27,546] Thành viên với tên đăng nhập là : ThienVD đã đăng nhập vào hệ thống
[2010-12-27 00:30:15,949] Thành viên với tên đăng nhập là : ThienVD đã đăng nhập vào hệ thống
[2010-12-27 00:56:02,054] Thành viên với tên đăng nhập là : ThienVD đã đăng nhập vào hệ thống
[2010-12-27 00:58:36,605] ThienVD thêm môn học thời khóa biểu
[2010-12-27 08:57:36,881] Thành viên với tên đăng nhập là : cuong_nq đã đăng nhập vào hệ thống
[2010-12-27 08:58:00,558] cuong_nq thêm môn học thời khóa biểu
[2010-12-27 09:03:22,726] Thành viên với tên đăng nhập là : cuong_nq đã đăng nhập vào hệ thống
[2010-12-27 09:04:31,918] cuong_nq thêm môn học thời khóa biểu
[2010-12-27 09:10:25,418] cuong_nq thêm môn học thời khóa biểu
[2010-12-27 09:10:41,990] cuong_nq câp nhật thời khóa biểu
[2010-12-27 10:34:51,067] Thành viên với tên đăng nhập là : cuong_nq đã đăng nhập vào hệ thống
[2010-12-27 10:47:19,717] Thành viên với tên đăng nhập là : cuong_nq đã đăng nhập vào hệ thống
[2010-12-27 10:51:23,425] Thành viên với tên đăng nhập là : cuong_nq đã đăng nhập vào hệ thống
[2010-12-27 10:52:09,424] cuong_nq cập nhậ môn học thời khóa biểu
[2010-12-27 10:52:13,879] cuong_nq câp nhật thời khóa biểu
[2010-12-27 15:19:44,444] Thành viên với tên đăng nhập là : ThienVD đã đăng nhập vào hệ thống
[2010-12-30 09:37:59,414] Thành viên với tên đăng nhập là : cuong_nq đã đăng nhập vào hệ thống
[2010-12-30 09:41:16,230] cuong_nq thêm mới chương trình đào tạo
[2010-12-30 09:41:58,276] cuong_nq cập nhật chương trình đào tạo
[2010-12-30 09:43:45,541] cuong_nq tạo mới đề cương môn học
[2010-12-30 09:44:03,859] cuong_nq gửi đề cương môn học cho Ban Giám Hiệu
[2010-12-30 09:46:25,964] cuong_nq tạo mới đề cương môn học
[2010-12-30 09:46:34,924] cuong_nq gửi đề cương môn học cho Ban Giám Hiệu
[2010-12-30 09:48:23,644] cuong_nq tạo mới đề cương môn học
[2010-12-30 09:48:32,498] cuong_nq gửi đề cương môn học cho Ban Giám Hiệu
[2010-12-30 09:50:05,003] cuong_nq tạo mới đề cương môn học
[2010-12-30 09:50:14,107] cuong_nq gửi đề cương môn học cho Ban Giám Hiệu
[2010-12-30 09:51:29,106] cuong_nq tạo mới đề cương môn học
[2010-12-30 09:51:38,970] cuong_nq gửi đề cương môn học cho Ban Giám Hiệu
[2010-12-30 09:53:01,421] cuong_nq tạo mới đề cương môn học
[2010-12-30 09:53:10,539] cuong_nq gửi đề cương môn học cho Ban Giám Hiệu
[2010-12-30 09:54:10,237] cuong_nq tạo mới đề cương môn học
[2010-12-30 09:54:16,384] cuong_nq gửi đề cương môn học cho Ban Giám Hiệu
[2010-12-30 09:55:28,851] cuong_nq tạo mới đề cương môn học
[2010-12-30 09:55:35,567] cuong_nq gửi đề cương môn học cho Ban Giám Hiệu
[2010-12-30 09:56:55,879] cuong_nq tạo mới đề cương môn học
[2010-12-30 09:57:02,097] cuong_nq gửi đề cương môn học cho Ban Giám Hiệu
[2010-12-30 09:57:19,652] cuong_nq phân loại đề cương môn học
[2010-12-30 09:57:26,370] cuong_nq approve đề cương môn học
[2010-12-30 09:57:36,607] cuong_nq approve đề cương môn học
[2010-12-30 09:57:50,307] cuong_nq approve đề cương môn học
[2010-12-30 09:58:00,809] cuong_nq approve đề cương môn học
[2010-12-30 09:58:11,200] cuong_nq approve đề cương môn học
[2010-12-30 09:58:25,239] cuong_nq approve đề cương môn học
[2010-12-30 09:58:40,303] cuong_nq approve đề cương môn học
[2010-12-30 09:58:51,348] cuong_nq approve đề cương môn học
[2010-12-30 09:59:00,448] cuong_nq approve đề cương môn học
[2010-12-30 10:00:07,386] cuong_nq gửi mail cho Phòng kiểm định
[2010-12-30 10:00:53,826] Thành viên với tên đăng nhập là : trung_th đã đăng nhập vào hệ thống
[2010-12-30 10:01:11,329] trung_th gửi Chương trình đào tạo cho hiệu trưởng
[2010-12-30 10:02:19,415] Thành viên với tên đăng nhập là : hai_tv đã đăng nhập vào hệ thống
[2010-12-30 10:02:41,328] hai_tv approve Chương trình đào tạo
[2010-12-30 10:03:13,572] Thành viên với tên đăng nhập là : cuong_nq đã đăng nhập vào hệ thống
[2010-12-30 10:12:05,373] cuong_nq thêm môn học thời khóa biểu
[2010-12-30 10:12:29,302] cuong_nq thêm môn học thời khóa biểu
[2010-12-30 10:13:04,215] cuong_nq thêm môn học thời khóa biểu
[2010-12-30 10:13:11,569] cuong_nq cập nhậ môn học thời khóa biểu
[2010-12-30 10:27:36,442] cuong_nq thêm môn học thời khóa biểu
[2010-12-30 10:28:05,890] cuong_nq thêm môn học thời khóa biểu
[2010-12-30 10:31:05,387] cuong_nq cập nhật chương trình đào tạo
[2010-12-30 10:32:49,917] cuong_nq tạo mới đề cương môn học
[2010-12-30 10:32:56,955] cuong_nq gửi đề cương môn học cho Ban Giám Hiệu
[2010-12-30 10:33:45,115] cuong_nq cập nhật chương trình đào tạo
[2010-12-30 10:34:26,384] cuong_nq cập nhật chương trình đào tạo
[2010-12-30 10:35:27,705] cuong_nq tạo mới đề cương môn học
[2010-12-30 10:35:45,565] cuong_nq gửi đề cương môn học cho Ban Giám Hiệu
[2010-12-30 10:37:09,800] cuong_nq approve đề cương môn học
[2010-12-30 10:37:20,150] cuong_nq approve đề cương môn học
[2010-12-30 11:07:14,329] cuong_nq cập nhậ môn học thời khóa biểu
[2010-12-30 11:12:57,232] Thành viên với tên đăng nhập là : ThienVD đã đăng nhập vào hệ thống
[2011-01-03 10:07:07,770] Thành viên với tên đăng nhập là : ThienVD đã đăng nhập vào hệ thống
[2011-01-03 10:23:48,021] Thành viên với tên đăng nhập là : ThienVD đã đăng nhập vào hệ thống
[2011-01-03 10:24:04,927] ThienVD câp nhật thời khóa biểu
[2011-01-03 10:34:32,097] Thành viên với tên đăng nhập là : ThienVD đã đăng nhập vào hệ thống
[2011-01-03 10:35:50,124] Thành viên với tên đăng nhập là : ThienVD đã đăng nhập vào hệ thống
[2011-01-03 10:37:20,345] Thành viên với tên đăng nhập là : ThienVD đã đăng nhập vào hệ thống
[2011-01-03 10:58:00,910] Thành viên với tên đăng nhập là : ThienVD đã đăng nhập vào hệ thống
[2011-01-03 11:16:05,972] Thành viên với tên đăng nhập là : ThienVD đã đăng nhập vào hệ thống
[2011-01-03 11:17:44,772] Thành viên với tên đăng nhập là : ThienVD đã đăng nhập vào hệ thống
[2011-01-03 11:18:01,034] Thành viên với tên đăng nhập là : ThienVD đã đăng nhập vào hệ thống
[2011-01-03 11:33:10,684] Thành viên với tên đăng nhập là : cuong_nq đã đăng nhập vào hệ thống
[2011-01-03 11:33:52,657] cuong_nq thêm mới chương trình đào tạo
[2011-01-03 11:34:35,638] cuong_nq tạo mới đề cương môn học
[2011-01-03 12:15:32,318] Thành viên với tên đăng nhập là : ThienVD đã đăng nhập vào hệ thống
[2011-01-03 12:17:30,218] Thành viên với tên đăng nhập là : cuong_nq đã đăng nhập vào hệ thống
[2011-01-03 12:27:49,520] cuong_nq thêm môn học thời khóa biểu
[2011-01-03 23:15:35,194] Thành viên với tên đăng nhập là : ThienVD đã đăng nhập vào hệ thống
[2011-01-04 09:20:59,435] Thành viên với tên đăng nhập là : ThienVD đã đăng nhập vào hệ thống
[2011-01-04 09:33:57,262] ThienVD thêm môn học thời khóa biểu
[2011-01-04 09:38:54,513] ThienVD cập nhậ môn học thời khóa biểu
[2011-01-04 09:39:23,620] ThienVD thêm môn học thời khóa biểu
[2011-01-04 09:40:22,881] ThienVD thêm môn học thời khóa biểu
[2011-01-04 09:42:51,132] ThienVD thêm môn học thời khóa biểu
[2011-01-04 09:43:28,533] ThienVD thêm môn học thời khóa biểu
[2011-01-04 09:43:56,916] ThienVD thêm môn học thời khóa biểu
[2011-01-04 09:44:01,614] ThienVD câp nhật thời khóa biểu
[2011-01-04 09:44:43,870] ThienVD cập nhậ môn học thời khóa biểu
[2011-01-05 08:53:22,313] Thành viên với tên đăng nhập là : ThienVD đã đăng nhập vào hệ thống
[2011-01-05 09:00:10,640] Thành viên với tên đăng nhập là : ThienVD đã đăng nhập vào hệ thống
[2011-01-05 13:55:26,338] Thành viên với tên đăng nhập là : ThienVD đã đăng nhập vào hệ thống
[2011-01-05 14:05:17,907] Thành viên với tên đăng nhập là : ThienVD đã đăng nhập vào hệ thống
[2011-01-05 15:00:24,144] Thành viên với tên đăng nhập là : ThienVD đã đăng nhập vào hệ thống
[2011-01-05 15:03:59,163] Thành viên với tên đăng nhập là : ThienVD đã đăng nhập vào hệ thống
[2011-01-05 15:09:40,383] Thành viên với tên đăng nhập là : ThienVD đã đăng nhập vào hệ thống
[2011-01-05 15:11:52,824] Thành viên với tên đăng nhập là : ThienVD đã đăng nhập vào hệ thống
[2011-01-05 15:15:43,449] Thành viên với tên đăng nhập là : ThienVD đã đăng nhập vào hệ thống
[2011-01-05 15:17:10,225] Thành viên với tên đăng nhập là : ThienVD đã đăng nhập vào hệ thống
[2011-01-06 09:23:08,624] Thành viên với tên đăng nhập là : ThienVD đã đăng nhập vào hệ thống
[2011-01-06 09:44:35,467] Thành viên với tên đăng nhập là : ThienVD đã đăng nhập vào hệ thống
[2011-01-06 09:49:00,376] Thành viên với tên đăng nhập là : ThienVD đã đăng nhập vào hệ thống
[2011-01-06 11:13:47,014] Thành viên với tên đăng nhập là : ThienVD đã đăng nhập vào hệ thống
[2011-01-06 11:16:47,545] Thành viên với tên đăng nhập là : ThienVD đã đăng nhập vào hệ thống
[2011-01-06 11:17:49,485] Thành viên với tên đăng nhập là : ThienVD đã đăng nhập vào hệ thống
[2011-01-06 11:19:01,959] Thành viên với tên đăng nhập là : ThienVD đã đăng nhập vào hệ thống
[2011-01-06 11:20:32,855] Thành viên với tên đăng nhập là : ThienVD đã đăng nhập vào hệ thống
[2011-01-06 11:22:30,206] Thành viên với tên đăng nhập là : ThienVD đã đăng nhập vào hệ thống
[2011-01-06 11:23:11,128] Thành viên với tên đăng nhập là : ThienVD đã đăng nhập vào hệ thống
[2011-01-06 11:26:11,007] Thành viên với tên đăng nhập là : ThienVD đã đăng nhập vào hệ thống
[2011-01-06 11:29:37,954] Thành viên với tên đăng nhập là : ThienVD đã đăng nhập vào hệ thống
[2011-01-06 11:31:15,631] Thành viên với tên đăng nhập là : ThienVD đã đăng nhập vào hệ thống
[2011-01-06 14:02:23,317] Thành viên với tên đăng nhập là : ThienVD đã đăng nhập vào hệ thống
[2011-01-06 14:10:40,153] Thành viên với tên đăng nhập là : ThienVD đã đăng nhập vào hệ thống
[2011-01-06 14:13:55,191] Thành viên với tên đăng nhập là : ThienVD đã đăng nhập vào hệ thống
[2011-01-06 14:16:14,034] Thành viên với tên đăng nhập là : ThienVD đã đăng nhập vào hệ thống
[2011-01-06 14:17:09,094] Thành viên với tên đăng nhập là : ThienVD đã đăng nhập vào hệ thống
[2011-01-07 12:51:51,876] Thành viên với tên đăng nhập là : ThienVD đã đăng nhập vào hệ thống
[2011-01-07 13:03:36,675] ThienVD thêm môn học thời khóa biểu
[2011-01-07 13:12:34,683] ThienVD cập nhậ môn học thời khóa biểu
[2011-01-07 13:31:56,455] Thành viên với tên đăng nhập là : ThienVD đã đăng nhập vào hệ thống
[2011-01-07 14:06:38,835] Thành viên với tên đăng nhập là : ThienVD đã đăng nhập vào hệ thống
[2011-01-07 14:39:44,021] Thành viên với tên đăng nhập là : ThienVD đã đăng nhập vào hệ thống
[2011-01-07 14:52:29,154] Thành viên với tên đăng nhập là : ThienVD đã đăng nhập vào hệ thống
[2011-01-07 15:42:16,213] Thành viên với tên đăng nhập là : ThienVD đã đăng nhập vào hệ thống
[2011-01-07 15:46:11,700] Thành viên với tên đăng nhập là : ThienVD đã đăng nhập vào hệ thống
[2011-01-07 15:46:43,614] Thành viên với tên đăng nhập là : ThienVD đã đăng nhập vào hệ thống
[2011-01-07 15:47:15,270] ThienVD phân loại đề cương môn học
[2011-01-07 15:57:11,908] Thành viên với tên đăng nhập là : ThienVD đã đăng nhập vào hệ thống
[2011-01-07 15:57:27,615] ThienVD phân loại đề cương môn học
[2011-01-07 15:58:22,000] Thành viên với tên đăng nhập là : cuong_nq đã đăng nhập vào hệ thống
[2011-01-07 15:58:34,201] cuong_nq phân loại đề cương môn học
[2011-01-07 15:58:40,252] cuong_nq phân loại đề cương môn học
[2011-01-07 15:58:43,462] cuong_nq phân loại đề cương môn học
[2011-01-07 15:58:49,172] cuong_nq phân loại đề cương môn học
[2011-01-07 15:58:51,628] cuong_nq phân loại đề cương môn học
[2011-01-07 15:59:07,493] cuong_nq phân loại đề cương môn học
[2011-01-07 15:59:34,938] cuong_nq phân loại đề cương môn học
[2011-01-07 15:59:48,825] cuong_nq phân loại đề cương môn học
[2011-01-07 15:59:59,763] cuong_nq phân loại đề cương môn học
[2011-01-07 16:09:10,925] Thành viên với tên đăng nhập là : ThienVD đã đăng nhập vào hệ thống
[2011-01-07 16:09:43,179] ThienVD phân loại đề cương môn học
[2011-01-07 16:10:30,982] Thành viên với tên đăng nhập là : ThienVD đã đăng nhập vào hệ thống
[2011-01-07 16:10:42,684] ThienVD phân loại đề cương môn học
[2011-01-07 16:12:00,624] ThienVD phân loại đề cương môn học
[2011-01-07 16:13:28,210] ThienVD phân loại đề cương môn học
[2011-01-07 16:13:34,920] ThienVD phân loại đề cương môn học
[2011-01-07 16:13:38,235] ThienVD phân loại đề cương môn học
[2011-01-07 16:13:41,328] ThienVD phân loại đề cương môn học
[2011-01-07 16:13:55,497] ThienVD phân loại đề cương môn học
[2011-01-07 16:14:02,163] ThienVD phân loại đề cương môn học
[2011-01-07 16:14:30,016] Thành viên với tên đăng nhập là : ThienVD đã đăng nhập vào hệ thống
[2011-01-07 16:14:40,365] ThienVD phân loại đề cương môn học
[2011-01-07 16:15:21,098] Thành viên với tên đăng nhập là : ThienVD đã đăng nhập vào hệ thống
[2011-01-07 16:15:30,761] ThienVD phân loại đề cương môn học
[2011-01-07 16:15:40,006] ThienVD phân loại đề cương môn học
[2011-01-07 16:15:44,290] ThienVD phân loại đề cương môn học
[2011-01-07 16:15:47,214] ThienVD phân loại đề cương môn học
[2011-01-07 16:15:54,258] ThienVD phân loại đề cương môn học
[2011-01-07 16:17:32,523] ThienVD phân loại đề cương môn học
[2011-01-07 16:17:37,885] ThienVD phân loại đề cương môn học
[2011-01-08 20:59:28,863] Thành viên với tên đăng nhập là : ThienVD đã đăng nhập vào hệ thống
[2011-01-08 20:59:51,137] ThienVD phân loại đề cương môn học
[2011-01-08 22:33:00,573] Thành viên với tên đăng nhập là : ThienVD đã đăng nhập vào hệ thống
[2011-01-08 22:55:31,609] Thành viên với tên đăng nhập là : ThienVD đã đăng nhập vào hệ thống
[2011-01-08 22:55:54,840] ThienVD phân loại đề cương môn học
[2011-01-09 14:54:34,625] Thành viên với tên đăng nhập là : ThienVD đã đăng nhập vào hệ thống
[2011-01-09 14:56:32,861] Thành viên với tên đăng nhập là : ThienVD đã đăng nhập vào hệ thống
[2011-01-09 14:58:36,993] Thành viên với tên đăng nhập là : ThienVD đã đăng nhập vào hệ thống
[2011-01-09 15:02:37,613] Thành viên với tên đăng nhập là : ThienVD đã đăng nhập vào hệ thống
[2011-01-09 15:14:11,698] Thành viên với tên đăng nhập là : ThienVD đã đăng nhập vào hệ thống
[2011-01-09 15:18:35,253] Thành viên với tên đăng nhập là : ThienVD đã đăng nhập vào hệ thống
[2011-01-09 15:19:47,782] Thành viên với tên đăng nhập là : ThienVD đã đăng nhập vào hệ thống
[2011-01-09 15:26:40,639] Thành viên với tên đăng nhập là : ThienVD đã đăng nhập vào hệ thống
[2011-01-09 15:43:07,123] Thành viên với tên đăng nhập là : ThienVD đã đăng nhập vào hệ thống
[2011-01-09 15:53:44,976] Thành viên với tên đăng nhập là : ThienVD đã đăng nhập vào hệ thống
[2011-01-09 21:49:28,331] Thành viên với tên đăng nhập là : ThienVD đã đăng nhập vào hệ thống
[2011-01-09 21:58:30,200] Thành viên với tên đăng nhập là : ThienVD đã đăng nhập vào hệ thống
[2011-01-09 22:15:07,547] Thành viên với tên đăng nhập là : ThienVD đã đăng nhập vào hệ thống
[2011-01-09 22:18:36,172] Thành viên với tên đăng nhập là : ThienVD đã đăng nhập vào hệ thống
[2011-01-09 22:19:18,174] ThienVD tạo mới đề cương môn học
[2011-01-09 22:19:34,268] ThienVD cập nhật đề cương môn học
[2011-01-11 09:41:56,434] Thành viên với tên đăng nhập là : ThienVD đã đăng nhập vào hệ thống
[2011-01-11 09:45:17,777] ThienVD thêm môn học thời khóa biểu
[2011-01-11 10:16:59,546] Thành viên với tên đăng nhập là : ThienVD đã đăng nhập vào hệ thống
[2011-01-11 10:20:06,746] ThienVD thêm môn học thời khóa biểu
[2011-01-11 10:21:24,431] Thành viên với tên đăng nhập là : ThienVD đã đăng nhập vào hệ thống
[2011-01-11 10:30:48,260] Thành viên với tên đăng nhập là : ThienVD đã đăng nhập vào hệ thống
[2011-01-11 10:31:17,822] ThienVD cập nhật kế hoạch đào tạo
[2011-01-11 10:32:34,308] ThienVD cập nhật kế hoạch đào tạo
[2011-01-11 10:43:05,123] ThienVD cập nhật công tác tuần
[2011-01-11 10:48:13,699] ThienVD cập nhật kế hoạch đào tạo
[2011-01-18 10:46:07,829] Thành viên với tên đăng nhập là : ThienVD đã đăng nhập vào hệ thống
[2011-01-24 23:33:13,964] Thành viên với tên đăng nhập là : ThienVD đã đăng nhập vào hệ thống
[2011-01-24 23:40:51,896] Thành viên với tên đăng nhập là : ThienVD đã đăng nhập vào hệ thống
[2011-01-24 23:51:31,864] Thành viên với tên đăng nhập là : ThienVD đã đăng nhập vào hệ thống
[2011-01-24 23:55:07,958] Thành viên với tên đăng nhập là : ThienVD đã đăng nhập vào hệ thống
[2011-01-25 08:00:43,679] Thành viên với tên đăng nhập là : ThienVD đã đăng nhập vào hệ thống
[2011-01-25 08:13:18,408] ThienVD thêm môn học thời khóa biểu
[2011-01-25 08:26:53,214] ThienVD cập nhậ môn học thời khóa biểu
